2024-11-07T22:56:32: Database connection failed: Listen method has been called more than once without closing.
2024-11-07T22:56:37: Database connection failed: Listen method has been called more than once without closing.
2024-11-07T22:56:42: Database connection failed: Listen method has been called more than once without closing.
2024-11-07T22:56:47: Database connection failed: Listen method has been called more than once without closing.
2024-11-07T22:56:52: Database connection failed: Listen method has been called more than once without closing.
2024-11-07T22:56:57: Database connection failed: Listen method has been called more than once without closing.
2024-11-07T22:56:57: Max retries reached, exiting...
2024-11-07T22:56:58: Database connection failed: Listen method has been called more than once without closing.
2024-11-07T22:57:03: Database connection failed: Listen method has been called more than once without closing.
2024-11-07T22:57:08: Database connection failed: Listen method has been called more than once without closing.
2024-11-07T22:57:13: Database connection failed: Listen method has been called more than once without closing.
2024-11-07T22:57:18: Database connection failed: Listen method has been called more than once without closing.
2024-11-07T22:57:23: Database connection failed: Listen method has been called more than once without closing.
2024-11-07T22:57:23: Max retries reached, exiting...
2024-11-07T22:57:24: Database connection failed: Listen method has been called more than once without closing.
2024-11-07T22:57:29: Database connection failed: Listen method has been called more than once without closing.
2024-11-07T22:57:34: Database connection failed: Listen method has been called more than once without closing.
2024-11-07T22:57:39: Database connection failed: Listen method has been called more than once without closing.
2024-11-07T22:57:44: Database connection failed: Listen method has been called more than once without closing.
2024-11-07T22:57:49: Database connection failed: Listen method has been called more than once without closing.
2024-11-07T22:57:49: Max retries reached, exiting...
2024-11-07T22:57:50: Database connection failed: Listen method has been called more than once without closing.
2024-11-07T22:57:55: Database connection failed: Listen method has been called more than once without closing.
2024-11-07T22:58:00: Database connection failed: Listen method has been called more than once without closing.
2024-11-07T22:58:05: Database connection failed: Listen method has been called more than once without closing.
2024-11-07T22:58:10: Database connection failed: Listen method has been called more than once without closing.
2024-11-07T22:58:15: Database connection failed: Listen method has been called more than once without closing.
2024-11-07T22:58:15: Max retries reached, exiting...
2024-11-07T22:58:15: Database connection failed: Listen method has been called more than once without closing.
2024-11-07T22:58:20: Database connection failed: Listen method has been called more than once without closing.
2024-11-07T22:58:25: Database connection failed: Listen method has been called more than once without closing.
2024-11-07T22:58:30: Database connection failed: Listen method has been called more than once without closing.
2024-11-07T22:58:35: Database connection failed: Listen method has been called more than once without closing.
2024-11-07T22:58:40: Database connection failed: Listen method has been called more than once without closing.
2024-11-07T22:58:40: Max retries reached, exiting...
2024-11-07T22:58:41: Database connection failed: Listen method has been called more than once without closing.
2024-11-07T22:58:46: Database connection failed: Listen method has been called more than once without closing.
2024-11-07T22:58:51: Database connection failed: Listen method has been called more than once without closing.
2024-11-07T22:58:56: Database connection failed: Listen method has been called more than once without closing.
2024-11-07T22:59:01: Database connection failed: Listen method has been called more than once without closing.
2024-11-07T22:59:06: Database connection failed: Listen method has been called more than once without closing.
2024-11-07T22:59:06: Max retries reached, exiting...
2024-11-07T22:59:07: Database connection failed: Listen method has been called more than once without closing.
2024-11-07T22:59:12: Database connection failed: Listen method has been called more than once without closing.
2024-11-07T22:59:17: Database connection failed: Listen method has been called more than once without closing.
2024-11-07T22:59:22: Database connection failed: Listen method has been called more than once without closing.
2024-11-07T22:59:27: Database connection failed: Listen method has been called more than once without closing.
2024-11-07T22:59:32: Database connection failed: Listen method has been called more than once without closing.
2024-11-07T22:59:32: Max retries reached, exiting...
2024-11-07T22:59:33: Database connection failed: Listen method has been called more than once without closing.
2024-11-07T22:59:38: Database connection failed: Listen method has been called more than once without closing.
2024-11-07T22:59:43: Database connection failed: Listen method has been called more than once without closing.
2024-11-07T22:59:48: Database connection failed: Listen method has been called more than once without closing.
2024-11-07T22:59:53: Database connection failed: Listen method has been called more than once without closing.
2024-11-07T22:59:58: Database connection failed: Listen method has been called more than once without closing.
2024-11-07T22:59:58: Max retries reached, exiting...
2024-11-07T22:59:59: Database connection failed: Listen method has been called more than once without closing.
2024-11-07T23:00:04: Database connection failed: Listen method has been called more than once without closing.
2024-11-07T23:00:09: Database connection failed: Listen method has been called more than once without closing.
2024-11-07T23:00:14: Database connection failed: Listen method has been called more than once without closing.
2024-11-07T23:00:19: Database connection failed: Listen method has been called more than once without closing.
2024-11-07T23:00:24: Database connection failed: Listen method has been called more than once without closing.
2024-11-07T23:00:24: Max retries reached, exiting...
2024-11-07T23:00:24: Database connection failed: Listen method has been called more than once without closing.
2024-11-07T23:00:29: Database connection failed: Listen method has been called more than once without closing.
2024-11-07T23:00:34: Database connection failed: Listen method has been called more than once without closing.
2024-11-07T23:00:39: Database connection failed: Listen method has been called more than once without closing.
2024-11-07T23:00:44: Database connection failed: Listen method has been called more than once without closing.
2024-11-07T23:00:49: Database connection failed: Listen method has been called more than once without closing.
2024-11-07T23:00:49: Max retries reached, exiting...
2024-11-07T23:52:43: Product creation error: {
2024-11-07T23:52:43:   message: undefined,
2024-11-07T23:52:43:   stack: undefined,
2024-11-07T23:52:43:   body: [Object: null prototype] {
2024-11-07T23:52:43:     DesignTitle: 'dfgasdfsadf',
2024-11-07T23:52:43:     Description: 'asdfsdfsdfaasdfsdfa',
2024-11-07T23:52:43:     Maintag: 'asdfasdfasdf',
2024-11-07T23:52:43:     Designtags: '["asdfasdfsdf"]',
2024-11-07T23:52:43:     ProductType: 't-shirt',
2024-11-07T23:52:43:     ProductColor: 'white',
2024-11-07T23:52:43:     ProductView: 'front',
2024-11-07T23:52:43:     DesignScale: '1',
2024-11-07T23:52:43:     shopId: '65e23cf729b804d0261266d6',
2024-11-07T23:52:43:     designPosition: '{"x":50,"y":50}',
2024-11-07T23:52:43:     originalPrice: '340',
2024-11-07T23:52:43:     discountPrice: '310',
2024-11-07T23:52:43:     availableColors: '["white"]'
2024-11-07T23:52:43:   }
2024-11-07T23:52:43: }
2024-11-07T23:52:43: Error: Failed to create product
2024-11-07T23:52:43:     at /var/www/podokan/backend/controller/product.js:219:19
2024-11-07T23:52:56: Error: Please login to continue
2024-11-07T23:52:56:     at /var/www/podokan/backend/middleware/auth.js:23:19
2024-11-07T23:52:56:     at /var/www/podokan/backend/middleware/catchAsyncErrors.js:3:19
2024-11-07T23:52:56:     at Layer.handle [as handle_request] (/var/www/podokan/backend/node_modules/express/lib/router/layer.js:95:5)
2024-11-07T23:52:56:     at next (/var/www/podokan/backend/node_modules/express/lib/router/route.js:149:13)
2024-11-07T23:52:56:     at Route.dispatch (/var/www/podokan/backend/node_modules/express/lib/router/route.js:119:3)
2024-11-07T23:52:56:     at Layer.handle [as handle_request] (/var/www/podokan/backend/node_modules/express/lib/router/layer.js:95:5)
2024-11-07T23:52:56:     at /var/www/podokan/backend/node_modules/express/lib/router/index.js:284:15
2024-11-07T23:52:56:     at Function.process_params (/var/www/podokan/backend/node_modules/express/lib/router/index.js:346:12)
2024-11-07T23:52:56:     at next (/var/www/podokan/backend/node_modules/express/lib/router/index.js:280:10)
2024-11-07T23:52:56:     at Function.handle (/var/www/podokan/backend/node_modules/express/lib/router/index.js:175:3)
2024-11-07T23:52:58: Error: Please login as seller to continue
2024-11-07T23:52:58:     at /var/www/podokan/backend/middleware/auth.js:61:19
2024-11-07T23:52:58:     at /var/www/podokan/backend/middleware/catchAsyncErrors.js:3:19
2024-11-07T23:52:58:     at Layer.handle [as handle_request] (/var/www/podokan/backend/node_modules/express/lib/router/layer.js:95:5)
2024-11-07T23:52:58:     at next (/var/www/podokan/backend/node_modules/express/lib/router/route.js:149:13)
2024-11-07T23:52:58:     at Route.dispatch (/var/www/podokan/backend/node_modules/express/lib/router/route.js:119:3)
2024-11-07T23:52:58:     at Layer.handle [as handle_request] (/var/www/podokan/backend/node_modules/express/lib/router/layer.js:95:5)
2024-11-07T23:52:58:     at /var/www/podokan/backend/node_modules/express/lib/router/index.js:284:15
2024-11-07T23:52:58:     at Function.process_params (/var/www/podokan/backend/node_modules/express/lib/router/index.js:346:12)
2024-11-07T23:52:58:     at next (/var/www/podokan/backend/node_modules/express/lib/router/index.js:280:10)
2024-11-07T23:52:58:     at Function.handle (/var/www/podokan/backend/node_modules/express/lib/router/index.js:175:3)
2024-11-08T00:01:04: Error: Please login to continue
2024-11-08T00:01:04:     at /var/www/podokan/backend/middleware/auth.js:23:19
2024-11-08T00:01:04:     at /var/www/podokan/backend/middleware/catchAsyncErrors.js:3:19
2024-11-08T00:01:04:     at Layer.handle [as handle_request] (/var/www/podokan/backend/node_modules/express/lib/router/layer.js:95:5)
2024-11-08T00:01:04:     at next (/var/www/podokan/backend/node_modules/express/lib/router/route.js:149:13)
2024-11-08T00:01:04:     at Route.dispatch (/var/www/podokan/backend/node_modules/express/lib/router/route.js:119:3)
2024-11-08T00:01:04:     at Layer.handle [as handle_request] (/var/www/podokan/backend/node_modules/express/lib/router/layer.js:95:5)
2024-11-08T00:01:04:     at /var/www/podokan/backend/node_modules/express/lib/router/index.js:284:15
2024-11-08T00:01:04:     at Function.process_params (/var/www/podokan/backend/node_modules/express/lib/router/index.js:346:12)
2024-11-08T00:01:04:     at next (/var/www/podokan/backend/node_modules/express/lib/router/index.js:280:10)
2024-11-08T00:01:04:     at Function.handle (/var/www/podokan/backend/node_modules/express/lib/router/index.js:175:3)
2024-11-08T00:01:06: Error: Please login to continue
2024-11-08T00:01:06:     at /var/www/podokan/backend/middleware/auth.js:23:19
2024-11-08T00:01:06:     at /var/www/podokan/backend/middleware/catchAsyncErrors.js:3:19
2024-11-08T00:01:06:     at Layer.handle [as handle_request] (/var/www/podokan/backend/node_modules/express/lib/router/layer.js:95:5)
2024-11-08T00:01:06:     at next (/var/www/podokan/backend/node_modules/express/lib/router/route.js:149:13)
2024-11-08T00:01:06:     at Route.dispatch (/var/www/podokan/backend/node_modules/express/lib/router/route.js:119:3)
2024-11-08T00:01:06:     at Layer.handle [as handle_request] (/var/www/podokan/backend/node_modules/express/lib/router/layer.js:95:5)
2024-11-08T00:01:06:     at /var/www/podokan/backend/node_modules/express/lib/router/index.js:284:15
2024-11-08T00:01:06:     at Function.process_params (/var/www/podokan/backend/node_modules/express/lib/router/index.js:346:12)
2024-11-08T00:01:06:     at next (/var/www/podokan/backend/node_modules/express/lib/router/index.js:280:10)
2024-11-08T00:01:06:     at Function.handle (/var/www/podokan/backend/node_modules/express/lib/router/index.js:175:3)
2024-11-08T01:30:05: Error: Please login as seller to continue
2024-11-08T01:30:05:     at /var/www/podokan/backend/middleware/auth.js:61:19
2024-11-08T01:30:05:     at /var/www/podokan/backend/middleware/catchAsyncErrors.js:3:19
2024-11-08T01:30:05:     at Layer.handle [as handle_request] (/var/www/podokan/backend/node_modules/express/lib/router/layer.js:95:5)
2024-11-08T01:30:05:     at next (/var/www/podokan/backend/node_modules/express/lib/router/route.js:149:13)
2024-11-08T01:30:05:     at Route.dispatch (/var/www/podokan/backend/node_modules/express/lib/router/route.js:119:3)
2024-11-08T01:30:05:     at Layer.handle [as handle_request] (/var/www/podokan/backend/node_modules/express/lib/router/layer.js:95:5)
2024-11-08T01:30:05:     at /var/www/podokan/backend/node_modules/express/lib/router/index.js:284:15
2024-11-08T01:30:05:     at Function.process_params (/var/www/podokan/backend/node_modules/express/lib/router/index.js:346:12)
2024-11-08T01:30:05:     at next (/var/www/podokan/backend/node_modules/express/lib/router/index.js:280:10)
2024-11-08T01:30:05:     at Function.handle (/var/www/podokan/backend/node_modules/express/lib/router/index.js:175:3)
2024-11-08T01:30:05: Error: Please login to continue
2024-11-08T01:30:05:     at /var/www/podokan/backend/middleware/auth.js:23:19
2024-11-08T01:30:05:     at /var/www/podokan/backend/middleware/catchAsyncErrors.js:3:19
2024-11-08T01:30:05:     at Layer.handle [as handle_request] (/var/www/podokan/backend/node_modules/express/lib/router/layer.js:95:5)
2024-11-08T01:30:05:     at next (/var/www/podokan/backend/node_modules/express/lib/router/route.js:149:13)
2024-11-08T01:30:05:     at Route.dispatch (/var/www/podokan/backend/node_modules/express/lib/router/route.js:119:3)
2024-11-08T01:30:05:     at Layer.handle [as handle_request] (/var/www/podokan/backend/node_modules/express/lib/router/layer.js:95:5)
2024-11-08T01:30:05:     at /var/www/podokan/backend/node_modules/express/lib/router/index.js:284:15
2024-11-08T01:30:05:     at Function.process_params (/var/www/podokan/backend/node_modules/express/lib/router/index.js:346:12)
2024-11-08T01:30:05:     at next (/var/www/podokan/backend/node_modules/express/lib/router/index.js:280:10)
2024-11-08T01:30:05:     at Function.handle (/var/www/podokan/backend/node_modules/express/lib/router/index.js:175:3)
2024-11-08T03:02:32: Error: Please login to continue
2024-11-08T03:02:32:     at /var/www/podokan/backend/middleware/auth.js:23:19
2024-11-08T03:02:32:     at /var/www/podokan/backend/middleware/catchAsyncErrors.js:3:19
2024-11-08T03:02:32:     at Layer.handle [as handle_request] (/var/www/podokan/backend/node_modules/express/lib/router/layer.js:95:5)
2024-11-08T03:02:32:     at next (/var/www/podokan/backend/node_modules/express/lib/router/route.js:149:13)
2024-11-08T03:02:32:     at Route.dispatch (/var/www/podokan/backend/node_modules/express/lib/router/route.js:119:3)
2024-11-08T03:02:32:     at Layer.handle [as handle_request] (/var/www/podokan/backend/node_modules/express/lib/router/layer.js:95:5)
2024-11-08T03:02:32:     at /var/www/podokan/backend/node_modules/express/lib/router/index.js:284:15
2024-11-08T03:02:32:     at Function.process_params (/var/www/podokan/backend/node_modules/express/lib/router/index.js:346:12)
2024-11-08T03:02:32:     at next (/var/www/podokan/backend/node_modules/express/lib/router/index.js:280:10)
2024-11-08T03:02:32:     at Function.handle (/var/www/podokan/backend/node_modules/express/lib/router/index.js:175:3)
2024-11-08T06:07:58: Error: Please login as seller to continue
2024-11-08T06:07:58:     at /var/www/podokan/backend/middleware/auth.js:61:19
2024-11-08T06:07:58:     at /var/www/podokan/backend/middleware/catchAsyncErrors.js:3:19
2024-11-08T06:07:58:     at Layer.handle [as handle_request] (/var/www/podokan/backend/node_modules/express/lib/router/layer.js:95:5)
2024-11-08T06:07:58:     at next (/var/www/podokan/backend/node_modules/express/lib/router/route.js:149:13)
2024-11-08T06:07:58:     at Route.dispatch (/var/www/podokan/backend/node_modules/express/lib/router/route.js:119:3)
2024-11-08T06:07:58:     at Layer.handle [as handle_request] (/var/www/podokan/backend/node_modules/express/lib/router/layer.js:95:5)
2024-11-08T06:07:58:     at /var/www/podokan/backend/node_modules/express/lib/router/index.js:284:15
2024-11-08T06:07:58:     at Function.process_params (/var/www/podokan/backend/node_modules/express/lib/router/index.js:346:12)
2024-11-08T06:07:58:     at next (/var/www/podokan/backend/node_modules/express/lib/router/index.js:280:10)
2024-11-08T06:07:58:     at Function.handle (/var/www/podokan/backend/node_modules/express/lib/router/index.js:175:3)
