2024-11-10T20:37:22: Error: Please login to continue
2024-11-10T20:37:22:     at /var/www/podokan/backend/middleware/auth.js:21:19
2024-11-10T20:37:22:     at /var/www/podokan/backend/middleware/catchAsyncErrors.js:3:19
2024-11-10T20:37:22:     at Layer.handle [as handle_request] (/var/www/podokan/backend/node_modules/express/lib/router/layer.js:95:5)
2024-11-10T20:37:22:     at next (/var/www/podokan/backend/node_modules/express/lib/router/route.js:149:13)
2024-11-10T20:37:22:     at Route.dispatch (/var/www/podokan/backend/node_modules/express/lib/router/route.js:119:3)
2024-11-10T20:37:22:     at Layer.handle [as handle_request] (/var/www/podokan/backend/node_modules/express/lib/router/layer.js:95:5)
2024-11-10T20:37:22:     at /var/www/podokan/backend/node_modules/express/lib/router/index.js:284:15
2024-11-10T20:37:22:     at Function.process_params (/var/www/podokan/backend/node_modules/express/lib/router/index.js:346:12)
2024-11-10T20:37:22:     at next (/var/www/podokan/backend/node_modules/express/lib/router/index.js:280:10)
2024-11-10T20:37:22:     at Function.handle (/var/www/podokan/backend/node_modules/express/lib/router/index.js:175:3)
2024-11-10T20:37:22: Error: Please login as seller to continue
2024-11-10T20:37:22:     at /var/www/podokan/backend/middleware/auth.js:52:19
2024-11-10T20:37:22:     at /var/www/podokan/backend/middleware/catchAsyncErrors.js:3:19
2024-11-10T20:37:22:     at Layer.handle [as handle_request] (/var/www/podokan/backend/node_modules/express/lib/router/layer.js:95:5)
2024-11-10T20:37:22:     at next (/var/www/podokan/backend/node_modules/express/lib/router/route.js:149:13)
2024-11-10T20:37:22:     at Route.dispatch (/var/www/podokan/backend/node_modules/express/lib/router/route.js:119:3)
2024-11-10T20:37:22:     at Layer.handle [as handle_request] (/var/www/podokan/backend/node_modules/express/lib/router/layer.js:95:5)
2024-11-10T20:37:22:     at /var/www/podokan/backend/node_modules/express/lib/router/index.js:284:15
2024-11-10T20:37:22:     at Function.process_params (/var/www/podokan/backend/node_modules/express/lib/router/index.js:346:12)
2024-11-10T20:37:22:     at next (/var/www/podokan/backend/node_modules/express/lib/router/index.js:280:10)
2024-11-10T20:37:22:     at Function.handle (/var/www/podokan/backend/node_modules/express/lib/router/index.js:175:3)
