2024-11-06T22:32:37: Admin auth error: TypeError: Cannot read properties of undefined (reading 'status')
2024-11-06T22:32:37:     at /var/www/podokan/backend/middleware/auth.js:99:18
2024-11-06T22:32:37:     at /var/www/podokan/backend/middleware/catchAsyncErrors.js:2:19
2024-11-06T22:32:37:     at Object.<anonymous> (/var/www/podokan/backend/controller/product.js:481:3)
2024-11-06T22:32:37:     at Module._compile (node:internal/modules/cjs/loader:1469:14)
2024-11-06T22:32:37:     at Module._extensions..js (node:internal/modules/cjs/loader:1548:10)
2024-11-06T22:32:37:     at Module.load (node:internal/modules/cjs/loader:1288:32)
2024-11-06T22:32:37:     at Module._load (node:internal/modules/cjs/loader:1104:12)
2024-11-06T22:32:37:     at Module.require (node:internal/modules/cjs/loader:1311:19)
2024-11-06T22:32:37:     at Hook._require.Module.require (/usr/lib/node_modules/pm2/node_modules/require-in-the-middle/index.js:101:39)
2024-11-06T22:32:37:     at require (node:internal/modules/helpers:179:18)
2024-11-06T22:32:37: Error: Route.get() requires a callback function but got a [object Undefined]
2024-11-06T22:32:37:     at Route.<computed> [as get] (/var/www/podokan/backend/node_modules/express/lib/router/route.js:216:15)
2024-11-06T22:32:37:     at proto.<computed> [as get] (/var/www/podokan/backend/node_modules/express/lib/router/index.js:521:19)
2024-11-06T22:32:37:     at Object.<anonymous> (/var/www/podokan/backend/controller/product.js:479:8)
2024-11-06T22:32:37:     at Module._compile (node:internal/modules/cjs/loader:1469:14)
2024-11-06T22:32:37:     at Module._extensions..js (node:internal/modules/cjs/loader:1548:10)
2024-11-06T22:32:37:     at Module.load (node:internal/modules/cjs/loader:1288:32)
2024-11-06T22:32:37:     at Module._load (node:internal/modules/cjs/loader:1104:12)
2024-11-06T22:32:37:     at Module.require (node:internal/modules/cjs/loader:1311:19)
2024-11-06T22:32:37:     at Hook._require.Module.require (/usr/lib/node_modules/pm2/node_modules/require-in-the-middle/index.js:101:39)
2024-11-06T22:32:37:     at require (node:internal/modules/helpers:179:18)
2024-11-06T22:32:38: Admin auth error: TypeError: Cannot read properties of undefined (reading 'status')
2024-11-06T22:32:38:     at /var/www/podokan/backend/middleware/auth.js:99:18
2024-11-06T22:32:38:     at /var/www/podokan/backend/middleware/catchAsyncErrors.js:2:19
2024-11-06T22:32:38:     at Object.<anonymous> (/var/www/podokan/backend/controller/product.js:481:3)
2024-11-06T22:32:38:     at Module._compile (node:internal/modules/cjs/loader:1469:14)
2024-11-06T22:32:38:     at Module._extensions..js (node:internal/modules/cjs/loader:1548:10)
2024-11-06T22:32:38:     at Module.load (node:internal/modules/cjs/loader:1288:32)
2024-11-06T22:32:38:     at Module._load (node:internal/modules/cjs/loader:1104:12)
2024-11-06T22:32:38:     at Module.require (node:internal/modules/cjs/loader:1311:19)
2024-11-06T22:32:38:     at Hook._require.Module.require (/usr/lib/node_modules/pm2/node_modules/require-in-the-middle/index.js:101:39)
2024-11-06T22:32:38:     at require (node:internal/modules/helpers:179:18)
2024-11-06T22:32:38: Error: Route.get() requires a callback function but got a [object Undefined]
2024-11-06T22:32:38:     at Route.<computed> [as get] (/var/www/podokan/backend/node_modules/express/lib/router/route.js:216:15)
2024-11-06T22:32:38:     at proto.<computed> [as get] (/var/www/podokan/backend/node_modules/express/lib/router/index.js:521:19)
2024-11-06T22:32:38:     at Object.<anonymous> (/var/www/podokan/backend/controller/product.js:479:8)
2024-11-06T22:32:38:     at Module._compile (node:internal/modules/cjs/loader:1469:14)
2024-11-06T22:32:38:     at Module._extensions..js (node:internal/modules/cjs/loader:1548:10)
2024-11-06T22:32:38:     at Module.load (node:internal/modules/cjs/loader:1288:32)
2024-11-06T22:32:38:     at Module._load (node:internal/modules/cjs/loader:1104:12)
2024-11-06T22:32:38:     at Module.require (node:internal/modules/cjs/loader:1311:19)
2024-11-06T22:32:38:     at Hook._require.Module.require (/usr/lib/node_modules/pm2/node_modules/require-in-the-middle/index.js:101:39)
2024-11-06T22:32:38:     at require (node:internal/modules/helpers:179:18)
2024-11-06T22:32:39: Admin auth error: TypeError: Cannot read properties of undefined (reading 'status')
2024-11-06T22:32:39:     at /var/www/podokan/backend/middleware/auth.js:99:18
2024-11-06T22:32:39:     at /var/www/podokan/backend/middleware/catchAsyncErrors.js:2:19
2024-11-06T22:32:39:     at Object.<anonymous> (/var/www/podokan/backend/controller/product.js:481:3)
2024-11-06T22:32:39:     at Module._compile (node:internal/modules/cjs/loader:1469:14)
2024-11-06T22:32:39:     at Module._extensions..js (node:internal/modules/cjs/loader:1548:10)
2024-11-06T22:32:39:     at Module.load (node:internal/modules/cjs/loader:1288:32)
2024-11-06T22:32:39:     at Module._load (node:internal/modules/cjs/loader:1104:12)
2024-11-06T22:32:39:     at Module.require (node:internal/modules/cjs/loader:1311:19)
2024-11-06T22:32:39:     at Hook._require.Module.require (/usr/lib/node_modules/pm2/node_modules/require-in-the-middle/index.js:101:39)
2024-11-06T22:32:39:     at require (node:internal/modules/helpers:179:18)
2024-11-06T22:32:39: Error: Route.get() requires a callback function but got a [object Undefined]
2024-11-06T22:32:39:     at Route.<computed> [as get] (/var/www/podokan/backend/node_modules/express/lib/router/route.js:216:15)
2024-11-06T22:32:39:     at proto.<computed> [as get] (/var/www/podokan/backend/node_modules/express/lib/router/index.js:521:19)
2024-11-06T22:32:39:     at Object.<anonymous> (/var/www/podokan/backend/controller/product.js:479:8)
2024-11-06T22:32:39:     at Module._compile (node:internal/modules/cjs/loader:1469:14)
2024-11-06T22:32:39:     at Module._extensions..js (node:internal/modules/cjs/loader:1548:10)
2024-11-06T22:32:39:     at Module.load (node:internal/modules/cjs/loader:1288:32)
2024-11-06T22:32:39:     at Module._load (node:internal/modules/cjs/loader:1104:12)
2024-11-06T22:32:39:     at Module.require (node:internal/modules/cjs/loader:1311:19)
2024-11-06T22:32:39:     at Hook._require.Module.require (/usr/lib/node_modules/pm2/node_modules/require-in-the-middle/index.js:101:39)
2024-11-06T22:32:39:     at require (node:internal/modules/helpers:179:18)
2024-11-06T22:32:40: Admin auth error: TypeError: Cannot read properties of undefined (reading 'status')
2024-11-06T22:32:40:     at /var/www/podokan/backend/middleware/auth.js:99:18
2024-11-06T22:32:40:     at /var/www/podokan/backend/middleware/catchAsyncErrors.js:2:19
2024-11-06T22:32:40:     at Object.<anonymous> (/var/www/podokan/backend/controller/product.js:481:3)
2024-11-06T22:32:40:     at Module._compile (node:internal/modules/cjs/loader:1469:14)
2024-11-06T22:32:40:     at Module._extensions..js (node:internal/modules/cjs/loader:1548:10)
2024-11-06T22:32:40:     at Module.load (node:internal/modules/cjs/loader:1288:32)
2024-11-06T22:32:40:     at Module._load (node:internal/modules/cjs/loader:1104:12)
2024-11-06T22:32:40:     at Module.require (node:internal/modules/cjs/loader:1311:19)
2024-11-06T22:32:40:     at Hook._require.Module.require (/usr/lib/node_modules/pm2/node_modules/require-in-the-middle/index.js:101:39)
2024-11-06T22:32:40:     at require (node:internal/modules/helpers:179:18)
2024-11-06T22:32:40: Error: Route.get() requires a callback function but got a [object Undefined]
2024-11-06T22:32:40:     at Route.<computed> [as get] (/var/www/podokan/backend/node_modules/express/lib/router/route.js:216:15)
2024-11-06T22:32:40:     at proto.<computed> [as get] (/var/www/podokan/backend/node_modules/express/lib/router/index.js:521:19)
2024-11-06T22:32:40:     at Object.<anonymous> (/var/www/podokan/backend/controller/product.js:479:8)
2024-11-06T22:32:40:     at Module._compile (node:internal/modules/cjs/loader:1469:14)
2024-11-06T22:32:40:     at Module._extensions..js (node:internal/modules/cjs/loader:1548:10)
2024-11-06T22:32:40:     at Module.load (node:internal/modules/cjs/loader:1288:32)
2024-11-06T22:32:40:     at Module._load (node:internal/modules/cjs/loader:1104:12)
2024-11-06T22:32:40:     at Module.require (node:internal/modules/cjs/loader:1311:19)
2024-11-06T22:32:40:     at Hook._require.Module.require (/usr/lib/node_modules/pm2/node_modules/require-in-the-middle/index.js:101:39)
2024-11-06T22:32:40:     at require (node:internal/modules/helpers:179:18)
2024-11-06T22:32:40: Admin auth error: TypeError: Cannot read properties of undefined (reading 'status')
2024-11-06T22:32:40:     at /var/www/podokan/backend/middleware/auth.js:99:18
2024-11-06T22:32:40:     at /var/www/podokan/backend/middleware/catchAsyncErrors.js:2:19
2024-11-06T22:32:40:     at Object.<anonymous> (/var/www/podokan/backend/controller/product.js:481:3)
2024-11-06T22:32:40:     at Module._compile (node:internal/modules/cjs/loader:1469:14)
2024-11-06T22:32:40:     at Module._extensions..js (node:internal/modules/cjs/loader:1548:10)
2024-11-06T22:32:40:     at Module.load (node:internal/modules/cjs/loader:1288:32)
2024-11-06T22:32:40:     at Module._load (node:internal/modules/cjs/loader:1104:12)
2024-11-06T22:32:40:     at Module.require (node:internal/modules/cjs/loader:1311:19)
2024-11-06T22:32:40:     at Hook._require.Module.require (/usr/lib/node_modules/pm2/node_modules/require-in-the-middle/index.js:101:39)
2024-11-06T22:32:40:     at require (node:internal/modules/helpers:179:18)
2024-11-06T22:32:40: Error: Route.get() requires a callback function but got a [object Undefined]
2024-11-06T22:32:40:     at Route.<computed> [as get] (/var/www/podokan/backend/node_modules/express/lib/router/route.js:216:15)
2024-11-06T22:32:40:     at proto.<computed> [as get] (/var/www/podokan/backend/node_modules/express/lib/router/index.js:521:19)
2024-11-06T22:32:40:     at Object.<anonymous> (/var/www/podokan/backend/controller/product.js:479:8)
2024-11-06T22:32:40:     at Module._compile (node:internal/modules/cjs/loader:1469:14)
2024-11-06T22:32:40:     at Module._extensions..js (node:internal/modules/cjs/loader:1548:10)
2024-11-06T22:32:40:     at Module.load (node:internal/modules/cjs/loader:1288:32)
2024-11-06T22:32:40:     at Module._load (node:internal/modules/cjs/loader:1104:12)
2024-11-06T22:32:40:     at Module.require (node:internal/modules/cjs/loader:1311:19)
2024-11-06T22:32:40:     at Hook._require.Module.require (/usr/lib/node_modules/pm2/node_modules/require-in-the-middle/index.js:101:39)
2024-11-06T22:32:40:     at require (node:internal/modules/helpers:179:18)
2024-11-06T22:32:41: Admin auth error: TypeError: Cannot read properties of undefined (reading 'status')
2024-11-06T22:32:41:     at /var/www/podokan/backend/middleware/auth.js:99:18
2024-11-06T22:32:41:     at /var/www/podokan/backend/middleware/catchAsyncErrors.js:2:19
2024-11-06T22:32:41:     at Object.<anonymous> (/var/www/podokan/backend/controller/product.js:481:3)
2024-11-06T22:32:41:     at Module._compile (node:internal/modules/cjs/loader:1469:14)
2024-11-06T22:32:41:     at Module._extensions..js (node:internal/modules/cjs/loader:1548:10)
2024-11-06T22:32:41:     at Module.load (node:internal/modules/cjs/loader:1288:32)
2024-11-06T22:32:41:     at Module._load (node:internal/modules/cjs/loader:1104:12)
2024-11-06T22:32:41:     at Module.require (node:internal/modules/cjs/loader:1311:19)
2024-11-06T22:32:41:     at Hook._require.Module.require (/usr/lib/node_modules/pm2/node_modules/require-in-the-middle/index.js:101:39)
2024-11-06T22:32:41:     at require (node:internal/modules/helpers:179:18)
2024-11-06T22:32:41: Error: Route.get() requires a callback function but got a [object Undefined]
2024-11-06T22:32:41:     at Route.<computed> [as get] (/var/www/podokan/backend/node_modules/express/lib/router/route.js:216:15)
2024-11-06T22:32:41:     at proto.<computed> [as get] (/var/www/podokan/backend/node_modules/express/lib/router/index.js:521:19)
2024-11-06T22:32:41:     at Object.<anonymous> (/var/www/podokan/backend/controller/product.js:479:8)
2024-11-06T22:32:41:     at Module._compile (node:internal/modules/cjs/loader:1469:14)
2024-11-06T22:32:41:     at Module._extensions..js (node:internal/modules/cjs/loader:1548:10)
2024-11-06T22:32:41:     at Module.load (node:internal/modules/cjs/loader:1288:32)
2024-11-06T22:32:41:     at Module._load (node:internal/modules/cjs/loader:1104:12)
2024-11-06T22:32:41:     at Module.require (node:internal/modules/cjs/loader:1311:19)
2024-11-06T22:32:41:     at Hook._require.Module.require (/usr/lib/node_modules/pm2/node_modules/require-in-the-middle/index.js:101:39)
2024-11-06T22:32:41:     at require (node:internal/modules/helpers:179:18)
2024-11-06T22:32:42: Admin auth error: TypeError: Cannot read properties of undefined (reading 'status')
2024-11-06T22:32:42:     at /var/www/podokan/backend/middleware/auth.js:99:18
2024-11-06T22:32:42:     at /var/www/podokan/backend/middleware/catchAsyncErrors.js:2:19
2024-11-06T22:32:42:     at Object.<anonymous> (/var/www/podokan/backend/controller/product.js:481:3)
2024-11-06T22:32:42:     at Module._compile (node:internal/modules/cjs/loader:1469:14)
2024-11-06T22:32:42:     at Module._extensions..js (node:internal/modules/cjs/loader:1548:10)
2024-11-06T22:32:42:     at Module.load (node:internal/modules/cjs/loader:1288:32)
2024-11-06T22:32:42:     at Module._load (node:internal/modules/cjs/loader:1104:12)
2024-11-06T22:32:42:     at Module.require (node:internal/modules/cjs/loader:1311:19)
2024-11-06T22:32:42:     at Hook._require.Module.require (/usr/lib/node_modules/pm2/node_modules/require-in-the-middle/index.js:101:39)
2024-11-06T22:32:42:     at require (node:internal/modules/helpers:179:18)
2024-11-06T22:32:42: Error: Route.get() requires a callback function but got a [object Undefined]
2024-11-06T22:32:42:     at Route.<computed> [as get] (/var/www/podokan/backend/node_modules/express/lib/router/route.js:216:15)
2024-11-06T22:32:42:     at proto.<computed> [as get] (/var/www/podokan/backend/node_modules/express/lib/router/index.js:521:19)
2024-11-06T22:32:42:     at Object.<anonymous> (/var/www/podokan/backend/controller/product.js:479:8)
2024-11-06T22:32:42:     at Module._compile (node:internal/modules/cjs/loader:1469:14)
2024-11-06T22:32:42:     at Module._extensions..js (node:internal/modules/cjs/loader:1548:10)
2024-11-06T22:32:42:     at Module.load (node:internal/modules/cjs/loader:1288:32)
2024-11-06T22:32:42:     at Module._load (node:internal/modules/cjs/loader:1104:12)
2024-11-06T22:32:42:     at Module.require (node:internal/modules/cjs/loader:1311:19)
2024-11-06T22:32:42:     at Hook._require.Module.require (/usr/lib/node_modules/pm2/node_modules/require-in-the-middle/index.js:101:39)
2024-11-06T22:32:42:     at require (node:internal/modules/helpers:179:18)
2024-11-06T22:32:42: Admin auth error: TypeError: Cannot read properties of undefined (reading 'status')
2024-11-06T22:32:42:     at /var/www/podokan/backend/middleware/auth.js:99:18
2024-11-06T22:32:42:     at /var/www/podokan/backend/middleware/catchAsyncErrors.js:2:19
2024-11-06T22:32:42:     at Object.<anonymous> (/var/www/podokan/backend/controller/product.js:481:3)
2024-11-06T22:32:42:     at Module._compile (node:internal/modules/cjs/loader:1469:14)
2024-11-06T22:32:42:     at Module._extensions..js (node:internal/modules/cjs/loader:1548:10)
2024-11-06T22:32:42:     at Module.load (node:internal/modules/cjs/loader:1288:32)
2024-11-06T22:32:42:     at Module._load (node:internal/modules/cjs/loader:1104:12)
2024-11-06T22:32:42:     at Module.require (node:internal/modules/cjs/loader:1311:19)
2024-11-06T22:32:42:     at Hook._require.Module.require (/usr/lib/node_modules/pm2/node_modules/require-in-the-middle/index.js:101:39)
2024-11-06T22:32:42:     at require (node:internal/modules/helpers:179:18)
2024-11-06T22:32:42: Error: Route.get() requires a callback function but got a [object Undefined]
2024-11-06T22:32:42:     at Route.<computed> [as get] (/var/www/podokan/backend/node_modules/express/lib/router/route.js:216:15)
2024-11-06T22:32:42:     at proto.<computed> [as get] (/var/www/podokan/backend/node_modules/express/lib/router/index.js:521:19)
2024-11-06T22:32:42:     at Object.<anonymous> (/var/www/podokan/backend/controller/product.js:479:8)
2024-11-06T22:32:42:     at Module._compile (node:internal/modules/cjs/loader:1469:14)
2024-11-06T22:32:42:     at Module._extensions..js (node:internal/modules/cjs/loader:1548:10)
2024-11-06T22:32:42:     at Module.load (node:internal/modules/cjs/loader:1288:32)
2024-11-06T22:32:42:     at Module._load (node:internal/modules/cjs/loader:1104:12)
2024-11-06T22:32:42:     at Module.require (node:internal/modules/cjs/loader:1311:19)
2024-11-06T22:32:42:     at Hook._require.Module.require (/usr/lib/node_modules/pm2/node_modules/require-in-the-middle/index.js:101:39)
2024-11-06T22:32:42:     at require (node:internal/modules/helpers:179:18)
2024-11-06T22:32:43: Admin auth error: TypeError: Cannot read properties of undefined (reading 'status')
2024-11-06T22:32:43:     at /var/www/podokan/backend/middleware/auth.js:99:18
2024-11-06T22:32:43:     at /var/www/podokan/backend/middleware/catchAsyncErrors.js:2:19
2024-11-06T22:32:43:     at Object.<anonymous> (/var/www/podokan/backend/controller/product.js:481:3)
2024-11-06T22:32:43:     at Module._compile (node:internal/modules/cjs/loader:1469:14)
2024-11-06T22:32:43:     at Module._extensions..js (node:internal/modules/cjs/loader:1548:10)
2024-11-06T22:32:43:     at Module.load (node:internal/modules/cjs/loader:1288:32)
2024-11-06T22:32:43:     at Module._load (node:internal/modules/cjs/loader:1104:12)
2024-11-06T22:32:43:     at Module.require (node:internal/modules/cjs/loader:1311:19)
2024-11-06T22:32:43:     at Hook._require.Module.require (/usr/lib/node_modules/pm2/node_modules/require-in-the-middle/index.js:101:39)
2024-11-06T22:32:43:     at require (node:internal/modules/helpers:179:18)
2024-11-06T22:32:43: Error: Route.get() requires a callback function but got a [object Undefined]
2024-11-06T22:32:43:     at Route.<computed> [as get] (/var/www/podokan/backend/node_modules/express/lib/router/route.js:216:15)
2024-11-06T22:32:43:     at proto.<computed> [as get] (/var/www/podokan/backend/node_modules/express/lib/router/index.js:521:19)
2024-11-06T22:32:43:     at Object.<anonymous> (/var/www/podokan/backend/controller/product.js:479:8)
2024-11-06T22:32:43:     at Module._compile (node:internal/modules/cjs/loader:1469:14)
2024-11-06T22:32:43:     at Module._extensions..js (node:internal/modules/cjs/loader:1548:10)
2024-11-06T22:32:43:     at Module.load (node:internal/modules/cjs/loader:1288:32)
2024-11-06T22:32:43:     at Module._load (node:internal/modules/cjs/loader:1104:12)
2024-11-06T22:32:43:     at Module.require (node:internal/modules/cjs/loader:1311:19)
2024-11-06T22:32:43:     at Hook._require.Module.require (/usr/lib/node_modules/pm2/node_modules/require-in-the-middle/index.js:101:39)
2024-11-06T22:32:43:     at require (node:internal/modules/helpers:179:18)
2024-11-06T22:32:44: Admin auth error: TypeError: Cannot read properties of undefined (reading 'status')
2024-11-06T22:32:44:     at /var/www/podokan/backend/middleware/auth.js:99:18
2024-11-06T22:32:44:     at /var/www/podokan/backend/middleware/catchAsyncErrors.js:2:19
2024-11-06T22:32:44:     at Object.<anonymous> (/var/www/podokan/backend/controller/product.js:481:3)
2024-11-06T22:32:44:     at Module._compile (node:internal/modules/cjs/loader:1469:14)
2024-11-06T22:32:44:     at Module._extensions..js (node:internal/modules/cjs/loader:1548:10)
2024-11-06T22:32:44:     at Module.load (node:internal/modules/cjs/loader:1288:32)
2024-11-06T22:32:44:     at Module._load (node:internal/modules/cjs/loader:1104:12)
2024-11-06T22:32:44:     at Module.require (node:internal/modules/cjs/loader:1311:19)
2024-11-06T22:32:44:     at Hook._require.Module.require (/usr/lib/node_modules/pm2/node_modules/require-in-the-middle/index.js:101:39)
2024-11-06T22:32:44:     at require (node:internal/modules/helpers:179:18)
2024-11-06T22:32:44: Error: Route.get() requires a callback function but got a [object Undefined]
2024-11-06T22:32:44:     at Route.<computed> [as get] (/var/www/podokan/backend/node_modules/express/lib/router/route.js:216:15)
2024-11-06T22:32:44:     at proto.<computed> [as get] (/var/www/podokan/backend/node_modules/express/lib/router/index.js:521:19)
2024-11-06T22:32:44:     at Object.<anonymous> (/var/www/podokan/backend/controller/product.js:479:8)
2024-11-06T22:32:44:     at Module._compile (node:internal/modules/cjs/loader:1469:14)
2024-11-06T22:32:44:     at Module._extensions..js (node:internal/modules/cjs/loader:1548:10)
2024-11-06T22:32:44:     at Module.load (node:internal/modules/cjs/loader:1288:32)
2024-11-06T22:32:44:     at Module._load (node:internal/modules/cjs/loader:1104:12)
2024-11-06T22:32:44:     at Module.require (node:internal/modules/cjs/loader:1311:19)
2024-11-06T22:32:44:     at Hook._require.Module.require (/usr/lib/node_modules/pm2/node_modules/require-in-the-middle/index.js:101:39)
2024-11-06T22:32:44:     at require (node:internal/modules/helpers:179:18)
2024-11-06T22:32:44: Admin auth error: TypeError: Cannot read properties of undefined (reading 'status')
2024-11-06T22:32:44:     at /var/www/podokan/backend/middleware/auth.js:99:18
2024-11-06T22:32:44:     at /var/www/podokan/backend/middleware/catchAsyncErrors.js:2:19
2024-11-06T22:32:44:     at Object.<anonymous> (/var/www/podokan/backend/controller/product.js:481:3)
2024-11-06T22:32:44:     at Module._compile (node:internal/modules/cjs/loader:1469:14)
2024-11-06T22:32:44:     at Module._extensions..js (node:internal/modules/cjs/loader:1548:10)
2024-11-06T22:32:44:     at Module.load (node:internal/modules/cjs/loader:1288:32)
2024-11-06T22:32:44:     at Module._load (node:internal/modules/cjs/loader:1104:12)
2024-11-06T22:32:44:     at Module.require (node:internal/modules/cjs/loader:1311:19)
2024-11-06T22:32:44:     at Hook._require.Module.require (/usr/lib/node_modules/pm2/node_modules/require-in-the-middle/index.js:101:39)
2024-11-06T22:32:44:     at require (node:internal/modules/helpers:179:18)
2024-11-06T22:32:44: Error: Route.get() requires a callback function but got a [object Undefined]
2024-11-06T22:32:44:     at Route.<computed> [as get] (/var/www/podokan/backend/node_modules/express/lib/router/route.js:216:15)
2024-11-06T22:32:44:     at proto.<computed> [as get] (/var/www/podokan/backend/node_modules/express/lib/router/index.js:521:19)
2024-11-06T22:32:44:     at Object.<anonymous> (/var/www/podokan/backend/controller/product.js:479:8)
2024-11-06T22:32:44:     at Module._compile (node:internal/modules/cjs/loader:1469:14)
2024-11-06T22:32:44:     at Module._extensions..js (node:internal/modules/cjs/loader:1548:10)
2024-11-06T22:32:44:     at Module.load (node:internal/modules/cjs/loader:1288:32)
2024-11-06T22:32:44:     at Module._load (node:internal/modules/cjs/loader:1104:12)
2024-11-06T22:32:44:     at Module.require (node:internal/modules/cjs/loader:1311:19)
2024-11-06T22:32:44:     at Hook._require.Module.require (/usr/lib/node_modules/pm2/node_modules/require-in-the-middle/index.js:101:39)
2024-11-06T22:32:44:     at require (node:internal/modules/helpers:179:18)
2024-11-06T22:32:45: Admin auth error: TypeError: Cannot read properties of undefined (reading 'status')
2024-11-06T22:32:45:     at /var/www/podokan/backend/middleware/auth.js:99:18
2024-11-06T22:32:45:     at /var/www/podokan/backend/middleware/catchAsyncErrors.js:2:19
2024-11-06T22:32:45:     at Object.<anonymous> (/var/www/podokan/backend/controller/product.js:481:3)
2024-11-06T22:32:45:     at Module._compile (node:internal/modules/cjs/loader:1469:14)
2024-11-06T22:32:45:     at Module._extensions..js (node:internal/modules/cjs/loader:1548:10)
2024-11-06T22:32:45:     at Module.load (node:internal/modules/cjs/loader:1288:32)
2024-11-06T22:32:45:     at Module._load (node:internal/modules/cjs/loader:1104:12)
2024-11-06T22:32:45:     at Module.require (node:internal/modules/cjs/loader:1311:19)
2024-11-06T22:32:45:     at Hook._require.Module.require (/usr/lib/node_modules/pm2/node_modules/require-in-the-middle/index.js:101:39)
2024-11-06T22:32:45:     at require (node:internal/modules/helpers:179:18)
2024-11-06T22:32:45: Error: Route.get() requires a callback function but got a [object Undefined]
2024-11-06T22:32:45:     at Route.<computed> [as get] (/var/www/podokan/backend/node_modules/express/lib/router/route.js:216:15)
2024-11-06T22:32:45:     at proto.<computed> [as get] (/var/www/podokan/backend/node_modules/express/lib/router/index.js:521:19)
2024-11-06T22:32:45:     at Object.<anonymous> (/var/www/podokan/backend/controller/product.js:479:8)
2024-11-06T22:32:45:     at Module._compile (node:internal/modules/cjs/loader:1469:14)
2024-11-06T22:32:45:     at Module._extensions..js (node:internal/modules/cjs/loader:1548:10)
2024-11-06T22:32:45:     at Module.load (node:internal/modules/cjs/loader:1288:32)
2024-11-06T22:32:45:     at Module._load (node:internal/modules/cjs/loader:1104:12)
2024-11-06T22:32:45:     at Module.require (node:internal/modules/cjs/loader:1311:19)
2024-11-06T22:32:45:     at Hook._require.Module.require (/usr/lib/node_modules/pm2/node_modules/require-in-the-middle/index.js:101:39)
2024-11-06T22:32:45:     at require (node:internal/modules/helpers:179:18)
2024-11-06T22:32:46: Admin auth error: TypeError: Cannot read properties of undefined (reading 'status')
2024-11-06T22:32:46:     at /var/www/podokan/backend/middleware/auth.js:99:18
2024-11-06T22:32:46:     at /var/www/podokan/backend/middleware/catchAsyncErrors.js:2:19
2024-11-06T22:32:46:     at Object.<anonymous> (/var/www/podokan/backend/controller/product.js:481:3)
2024-11-06T22:32:46:     at Module._compile (node:internal/modules/cjs/loader:1469:14)
2024-11-06T22:32:46:     at Module._extensions..js (node:internal/modules/cjs/loader:1548:10)
2024-11-06T22:32:46:     at Module.load (node:internal/modules/cjs/loader:1288:32)
2024-11-06T22:32:46:     at Module._load (node:internal/modules/cjs/loader:1104:12)
2024-11-06T22:32:46:     at Module.require (node:internal/modules/cjs/loader:1311:19)
2024-11-06T22:32:46:     at Hook._require.Module.require (/usr/lib/node_modules/pm2/node_modules/require-in-the-middle/index.js:101:39)
2024-11-06T22:32:46:     at require (node:internal/modules/helpers:179:18)
2024-11-06T22:32:46: Error: Route.get() requires a callback function but got a [object Undefined]
2024-11-06T22:32:46:     at Route.<computed> [as get] (/var/www/podokan/backend/node_modules/express/lib/router/route.js:216:15)
2024-11-06T22:32:46:     at proto.<computed> [as get] (/var/www/podokan/backend/node_modules/express/lib/router/index.js:521:19)
2024-11-06T22:32:46:     at Object.<anonymous> (/var/www/podokan/backend/controller/product.js:479:8)
2024-11-06T22:32:46:     at Module._compile (node:internal/modules/cjs/loader:1469:14)
2024-11-06T22:32:46:     at Module._extensions..js (node:internal/modules/cjs/loader:1548:10)
2024-11-06T22:32:46:     at Module.load (node:internal/modules/cjs/loader:1288:32)
2024-11-06T22:32:46:     at Module._load (node:internal/modules/cjs/loader:1104:12)
2024-11-06T22:32:46:     at Module.require (node:internal/modules/cjs/loader:1311:19)
2024-11-06T22:32:46:     at Hook._require.Module.require (/usr/lib/node_modules/pm2/node_modules/require-in-the-middle/index.js:101:39)
2024-11-06T22:32:46:     at require (node:internal/modules/helpers:179:18)
2024-11-06T22:32:47: Admin auth error: TypeError: Cannot read properties of undefined (reading 'status')
2024-11-06T22:32:47:     at /var/www/podokan/backend/middleware/auth.js:99:18
2024-11-06T22:32:47:     at /var/www/podokan/backend/middleware/catchAsyncErrors.js:2:19
2024-11-06T22:32:47:     at Object.<anonymous> (/var/www/podokan/backend/controller/product.js:481:3)
2024-11-06T22:32:47:     at Module._compile (node:internal/modules/cjs/loader:1469:14)
2024-11-06T22:32:47:     at Module._extensions..js (node:internal/modules/cjs/loader:1548:10)
2024-11-06T22:32:47:     at Module.load (node:internal/modules/cjs/loader:1288:32)
2024-11-06T22:32:47:     at Module._load (node:internal/modules/cjs/loader:1104:12)
2024-11-06T22:32:47:     at Module.require (node:internal/modules/cjs/loader:1311:19)
2024-11-06T22:32:47:     at Hook._require.Module.require (/usr/lib/node_modules/pm2/node_modules/require-in-the-middle/index.js:101:39)
2024-11-06T22:32:47:     at require (node:internal/modules/helpers:179:18)
2024-11-06T22:32:47: Error: Route.get() requires a callback function but got a [object Undefined]
2024-11-06T22:32:47:     at Route.<computed> [as get] (/var/www/podokan/backend/node_modules/express/lib/router/route.js:216:15)
2024-11-06T22:32:47:     at proto.<computed> [as get] (/var/www/podokan/backend/node_modules/express/lib/router/index.js:521:19)
2024-11-06T22:32:47:     at Object.<anonymous> (/var/www/podokan/backend/controller/product.js:479:8)
2024-11-06T22:32:47:     at Module._compile (node:internal/modules/cjs/loader:1469:14)
2024-11-06T22:32:47:     at Module._extensions..js (node:internal/modules/cjs/loader:1548:10)
2024-11-06T22:32:47:     at Module.load (node:internal/modules/cjs/loader:1288:32)
2024-11-06T22:32:47:     at Module._load (node:internal/modules/cjs/loader:1104:12)
2024-11-06T22:32:47:     at Module.require (node:internal/modules/cjs/loader:1311:19)
2024-11-06T22:32:47:     at Hook._require.Module.require (/usr/lib/node_modules/pm2/node_modules/require-in-the-middle/index.js:101:39)
2024-11-06T22:32:47:     at require (node:internal/modules/helpers:179:18)
2024-11-06T22:32:47: Admin auth error: TypeError: Cannot read properties of undefined (reading 'status')
2024-11-06T22:32:47:     at /var/www/podokan/backend/middleware/auth.js:99:18
2024-11-06T22:32:47:     at /var/www/podokan/backend/middleware/catchAsyncErrors.js:2:19
2024-11-06T22:32:47:     at Object.<anonymous> (/var/www/podokan/backend/controller/product.js:481:3)
2024-11-06T22:32:47:     at Module._compile (node:internal/modules/cjs/loader:1469:14)
2024-11-06T22:32:47:     at Module._extensions..js (node:internal/modules/cjs/loader:1548:10)
2024-11-06T22:32:47:     at Module.load (node:internal/modules/cjs/loader:1288:32)
2024-11-06T22:32:47:     at Module._load (node:internal/modules/cjs/loader:1104:12)
2024-11-06T22:32:47:     at Module.require (node:internal/modules/cjs/loader:1311:19)
2024-11-06T22:32:47:     at Hook._require.Module.require (/usr/lib/node_modules/pm2/node_modules/require-in-the-middle/index.js:101:39)
2024-11-06T22:32:47:     at require (node:internal/modules/helpers:179:18)
2024-11-06T22:32:47: Error: Route.get() requires a callback function but got a [object Undefined]
2024-11-06T22:32:47:     at Route.<computed> [as get] (/var/www/podokan/backend/node_modules/express/lib/router/route.js:216:15)
2024-11-06T22:32:47:     at proto.<computed> [as get] (/var/www/podokan/backend/node_modules/express/lib/router/index.js:521:19)
2024-11-06T22:32:47:     at Object.<anonymous> (/var/www/podokan/backend/controller/product.js:479:8)
2024-11-06T22:32:47:     at Module._compile (node:internal/modules/cjs/loader:1469:14)
2024-11-06T22:32:47:     at Module._extensions..js (node:internal/modules/cjs/loader:1548:10)
2024-11-06T22:32:47:     at Module.load (node:internal/modules/cjs/loader:1288:32)
2024-11-06T22:32:47:     at Module._load (node:internal/modules/cjs/loader:1104:12)
2024-11-06T22:32:47:     at Module.require (node:internal/modules/cjs/loader:1311:19)
2024-11-06T22:32:47:     at Hook._require.Module.require (/usr/lib/node_modules/pm2/node_modules/require-in-the-middle/index.js:101:39)
2024-11-06T22:32:47:     at require (node:internal/modules/helpers:179:18)
2024-11-06T22:32:48: Admin auth error: TypeError: Cannot read properties of undefined (reading 'status')
2024-11-06T22:32:48:     at /var/www/podokan/backend/middleware/auth.js:99:18
2024-11-06T22:32:48:     at /var/www/podokan/backend/middleware/catchAsyncErrors.js:2:19
2024-11-06T22:32:48:     at Object.<anonymous> (/var/www/podokan/backend/controller/product.js:481:3)
2024-11-06T22:32:48:     at Module._compile (node:internal/modules/cjs/loader:1469:14)
2024-11-06T22:32:48:     at Module._extensions..js (node:internal/modules/cjs/loader:1548:10)
2024-11-06T22:32:48:     at Module.load (node:internal/modules/cjs/loader:1288:32)
2024-11-06T22:32:48:     at Module._load (node:internal/modules/cjs/loader:1104:12)
2024-11-06T22:32:48:     at Module.require (node:internal/modules/cjs/loader:1311:19)
2024-11-06T22:32:48:     at Hook._require.Module.require (/usr/lib/node_modules/pm2/node_modules/require-in-the-middle/index.js:101:39)
2024-11-06T22:32:48:     at require (node:internal/modules/helpers:179:18)
2024-11-06T22:32:48: Error: Route.get() requires a callback function but got a [object Undefined]
2024-11-06T22:32:48:     at Route.<computed> [as get] (/var/www/podokan/backend/node_modules/express/lib/router/route.js:216:15)
2024-11-06T22:32:48:     at proto.<computed> [as get] (/var/www/podokan/backend/node_modules/express/lib/router/index.js:521:19)
2024-11-06T22:32:48:     at Object.<anonymous> (/var/www/podokan/backend/controller/product.js:479:8)
2024-11-06T22:32:48:     at Module._compile (node:internal/modules/cjs/loader:1469:14)
2024-11-06T22:32:48:     at Module._extensions..js (node:internal/modules/cjs/loader:1548:10)
2024-11-06T22:32:48:     at Module.load (node:internal/modules/cjs/loader:1288:32)
2024-11-06T22:32:48:     at Module._load (node:internal/modules/cjs/loader:1104:12)
2024-11-06T22:32:48:     at Module.require (node:internal/modules/cjs/loader:1311:19)
2024-11-06T22:32:48:     at Hook._require.Module.require (/usr/lib/node_modules/pm2/node_modules/require-in-the-middle/index.js:101:39)
2024-11-06T22:32:48:     at require (node:internal/modules/helpers:179:18)
