2024-11-06 23:06:36 +00:00: Admin auth error: TypeError: Cannot read properties of undefined (reading 'status')
2024-11-06 23:06:36 +00:00:     at /var/www/podokan/backend/middleware/auth.js:106:18
2024-11-06 23:06:36 +00:00:     at /var/www/podokan/backend/middleware/catchAsyncErrors.js:2:19
2024-11-06 23:06:36 +00:00:     at Object.<anonymous> (/var/www/podokan/backend/controller/event.js:96:3)
2024-11-06 23:06:36 +00:00:     at Module._compile (node:internal/modules/cjs/loader:1469:14)
2024-11-06 23:06:36 +00:00:     at Module._extensions..js (node:internal/modules/cjs/loader:1548:10)
2024-11-06 23:06:36 +00:00:     at Module.load (node:internal/modules/cjs/loader:1288:32)
2024-11-06 23:06:36 +00:00:     at Module._load (node:internal/modules/cjs/loader:1104:12)
2024-11-06 23:06:36 +00:00:     at Module.require (node:internal/modules/cjs/loader:1311:19)
2024-11-06 23:06:36 +00:00:     at Hook._require.Module.require (/usr/lib/node_modules/pm2/node_modules/require-in-the-middle/index.js:101:39)
2024-11-06 23:06:36 +00:00:     at require (node:internal/modules/helpers:179:18)
2024-11-06 23:06:36 +00:00: Error: Route.get() requires a callback function but got a [object Undefined]
2024-11-06 23:06:36 +00:00:     at Route.<computed> [as get] (/var/www/podokan/backend/node_modules/express/lib/router/route.js:216:15)
2024-11-06 23:06:36 +00:00:     at proto.<computed> [as get] (/var/www/podokan/backend/node_modules/express/lib/router/index.js:521:19)
2024-11-06 23:06:36 +00:00:     at Object.<anonymous> (/var/www/podokan/backend/controller/event.js:93:8)
2024-11-06 23:06:36 +00:00:     at Module._compile (node:internal/modules/cjs/loader:1469:14)
2024-11-06 23:06:36 +00:00:     at Module._extensions..js (node:internal/modules/cjs/loader:1548:10)
2024-11-06 23:06:36 +00:00:     at Module.load (node:internal/modules/cjs/loader:1288:32)
2024-11-06 23:06:36 +00:00:     at Module._load (node:internal/modules/cjs/loader:1104:12)
2024-11-06 23:06:36 +00:00:     at Module.require (node:internal/modules/cjs/loader:1311:19)
2024-11-06 23:06:36 +00:00:     at Hook._require.Module.require (/usr/lib/node_modules/pm2/node_modules/require-in-the-middle/index.js:101:39)
2024-11-06 23:06:36 +00:00:     at require (node:internal/modules/helpers:179:18)
2024-11-06 23:06:37 +00:00: Admin auth error: TypeError: Cannot read properties of undefined (reading 'status')
2024-11-06 23:06:37 +00:00:     at /var/www/podokan/backend/middleware/auth.js:106:18
2024-11-06 23:06:37 +00:00:     at /var/www/podokan/backend/middleware/catchAsyncErrors.js:2:19
2024-11-06 23:06:37 +00:00:     at Object.<anonymous> (/var/www/podokan/backend/controller/event.js:96:3)
2024-11-06 23:06:37 +00:00:     at Module._compile (node:internal/modules/cjs/loader:1469:14)
2024-11-06 23:06:37 +00:00:     at Module._extensions..js (node:internal/modules/cjs/loader:1548:10)
2024-11-06 23:06:37 +00:00:     at Module.load (node:internal/modules/cjs/loader:1288:32)
2024-11-06 23:06:37 +00:00:     at Module._load (node:internal/modules/cjs/loader:1104:12)
2024-11-06 23:06:37 +00:00:     at Module.require (node:internal/modules/cjs/loader:1311:19)
2024-11-06 23:06:37 +00:00:     at Hook._require.Module.require (/usr/lib/node_modules/pm2/node_modules/require-in-the-middle/index.js:101:39)
2024-11-06 23:06:37 +00:00:     at require (node:internal/modules/helpers:179:18)
2024-11-06 23:06:37 +00:00: Error: Route.get() requires a callback function but got a [object Undefined]
2024-11-06 23:06:37 +00:00:     at Route.<computed> [as get] (/var/www/podokan/backend/node_modules/express/lib/router/route.js:216:15)
2024-11-06 23:06:37 +00:00:     at proto.<computed> [as get] (/var/www/podokan/backend/node_modules/express/lib/router/index.js:521:19)
2024-11-06 23:06:37 +00:00:     at Object.<anonymous> (/var/www/podokan/backend/controller/event.js:93:8)
2024-11-06 23:06:37 +00:00:     at Module._compile (node:internal/modules/cjs/loader:1469:14)
2024-11-06 23:06:37 +00:00:     at Module._extensions..js (node:internal/modules/cjs/loader:1548:10)
2024-11-06 23:06:37 +00:00:     at Module.load (node:internal/modules/cjs/loader:1288:32)
2024-11-06 23:06:37 +00:00:     at Module._load (node:internal/modules/cjs/loader:1104:12)
2024-11-06 23:06:37 +00:00:     at Module.require (node:internal/modules/cjs/loader:1311:19)
2024-11-06 23:06:37 +00:00:     at Hook._require.Module.require (/usr/lib/node_modules/pm2/node_modules/require-in-the-middle/index.js:101:39)
2024-11-06 23:06:37 +00:00:     at require (node:internal/modules/helpers:179:18)
2024-11-06 23:06:38 +00:00: Admin auth error: TypeError: Cannot read properties of undefined (reading 'status')
2024-11-06 23:06:38 +00:00:     at /var/www/podokan/backend/middleware/auth.js:106:18
2024-11-06 23:06:38 +00:00:     at /var/www/podokan/backend/middleware/catchAsyncErrors.js:2:19
2024-11-06 23:06:38 +00:00:     at Object.<anonymous> (/var/www/podokan/backend/controller/event.js:96:3)
2024-11-06 23:06:38 +00:00:     at Module._compile (node:internal/modules/cjs/loader:1469:14)
2024-11-06 23:06:38 +00:00:     at Module._extensions..js (node:internal/modules/cjs/loader:1548:10)
2024-11-06 23:06:38 +00:00:     at Module.load (node:internal/modules/cjs/loader:1288:32)
2024-11-06 23:06:38 +00:00:     at Module._load (node:internal/modules/cjs/loader:1104:12)
2024-11-06 23:06:38 +00:00:     at Module.require (node:internal/modules/cjs/loader:1311:19)
2024-11-06 23:06:38 +00:00:     at Hook._require.Module.require (/usr/lib/node_modules/pm2/node_modules/require-in-the-middle/index.js:101:39)
2024-11-06 23:06:38 +00:00:     at require (node:internal/modules/helpers:179:18)
2024-11-06 23:06:38 +00:00: Error: Route.get() requires a callback function but got a [object Undefined]
2024-11-06 23:06:38 +00:00:     at Route.<computed> [as get] (/var/www/podokan/backend/node_modules/express/lib/router/route.js:216:15)
2024-11-06 23:06:38 +00:00:     at proto.<computed> [as get] (/var/www/podokan/backend/node_modules/express/lib/router/index.js:521:19)
2024-11-06 23:06:38 +00:00:     at Object.<anonymous> (/var/www/podokan/backend/controller/event.js:93:8)
2024-11-06 23:06:38 +00:00:     at Module._compile (node:internal/modules/cjs/loader:1469:14)
2024-11-06 23:06:38 +00:00:     at Module._extensions..js (node:internal/modules/cjs/loader:1548:10)
2024-11-06 23:06:38 +00:00:     at Module.load (node:internal/modules/cjs/loader:1288:32)
2024-11-06 23:06:38 +00:00:     at Module._load (node:internal/modules/cjs/loader:1104:12)
2024-11-06 23:06:38 +00:00:     at Module.require (node:internal/modules/cjs/loader:1311:19)
2024-11-06 23:06:38 +00:00:     at Hook._require.Module.require (/usr/lib/node_modules/pm2/node_modules/require-in-the-middle/index.js:101:39)
2024-11-06 23:06:38 +00:00:     at require (node:internal/modules/helpers:179:18)
2024-11-06 23:06:39 +00:00: Admin auth error: TypeError: Cannot read properties of undefined (reading 'status')
2024-11-06 23:06:39 +00:00:     at /var/www/podokan/backend/middleware/auth.js:106:18
2024-11-06 23:06:39 +00:00:     at /var/www/podokan/backend/middleware/catchAsyncErrors.js:2:19
2024-11-06 23:06:39 +00:00:     at Object.<anonymous> (/var/www/podokan/backend/controller/event.js:96:3)
2024-11-06 23:06:39 +00:00:     at Module._compile (node:internal/modules/cjs/loader:1469:14)
2024-11-06 23:06:39 +00:00:     at Module._extensions..js (node:internal/modules/cjs/loader:1548:10)
2024-11-06 23:06:39 +00:00:     at Module.load (node:internal/modules/cjs/loader:1288:32)
2024-11-06 23:06:39 +00:00:     at Module._load (node:internal/modules/cjs/loader:1104:12)
2024-11-06 23:06:39 +00:00:     at Module.require (node:internal/modules/cjs/loader:1311:19)
2024-11-06 23:06:39 +00:00:     at Hook._require.Module.require (/usr/lib/node_modules/pm2/node_modules/require-in-the-middle/index.js:101:39)
2024-11-06 23:06:39 +00:00:     at require (node:internal/modules/helpers:179:18)
2024-11-06 23:06:39 +00:00: Error: Route.get() requires a callback function but got a [object Undefined]
2024-11-06 23:06:39 +00:00:     at Route.<computed> [as get] (/var/www/podokan/backend/node_modules/express/lib/router/route.js:216:15)
2024-11-06 23:06:39 +00:00:     at proto.<computed> [as get] (/var/www/podokan/backend/node_modules/express/lib/router/index.js:521:19)
2024-11-06 23:06:39 +00:00:     at Object.<anonymous> (/var/www/podokan/backend/controller/event.js:93:8)
2024-11-06 23:06:39 +00:00:     at Module._compile (node:internal/modules/cjs/loader:1469:14)
2024-11-06 23:06:39 +00:00:     at Module._extensions..js (node:internal/modules/cjs/loader:1548:10)
2024-11-06 23:06:39 +00:00:     at Module.load (node:internal/modules/cjs/loader:1288:32)
2024-11-06 23:06:39 +00:00:     at Module._load (node:internal/modules/cjs/loader:1104:12)
2024-11-06 23:06:39 +00:00:     at Module.require (node:internal/modules/cjs/loader:1311:19)
2024-11-06 23:06:39 +00:00:     at Hook._require.Module.require (/usr/lib/node_modules/pm2/node_modules/require-in-the-middle/index.js:101:39)
2024-11-06 23:06:39 +00:00:     at require (node:internal/modules/helpers:179:18)
2024-11-06 23:06:40 +00:00: Admin auth error: TypeError: Cannot read properties of undefined (reading 'status')
2024-11-06 23:06:40 +00:00:     at /var/www/podokan/backend/middleware/auth.js:106:18
2024-11-06 23:06:40 +00:00:     at /var/www/podokan/backend/middleware/catchAsyncErrors.js:2:19
2024-11-06 23:06:40 +00:00:     at Object.<anonymous> (/var/www/podokan/backend/controller/event.js:96:3)
2024-11-06 23:06:40 +00:00:     at Module._compile (node:internal/modules/cjs/loader:1469:14)
2024-11-06 23:06:40 +00:00:     at Module._extensions..js (node:internal/modules/cjs/loader:1548:10)
2024-11-06 23:06:40 +00:00:     at Module.load (node:internal/modules/cjs/loader:1288:32)
2024-11-06 23:06:40 +00:00:     at Module._load (node:internal/modules/cjs/loader:1104:12)
2024-11-06 23:06:40 +00:00:     at Module.require (node:internal/modules/cjs/loader:1311:19)
2024-11-06 23:06:40 +00:00:     at Hook._require.Module.require (/usr/lib/node_modules/pm2/node_modules/require-in-the-middle/index.js:101:39)
2024-11-06 23:06:40 +00:00:     at require (node:internal/modules/helpers:179:18)
2024-11-06 23:06:40 +00:00: Error: Route.get() requires a callback function but got a [object Undefined]
2024-11-06 23:06:40 +00:00:     at Route.<computed> [as get] (/var/www/podokan/backend/node_modules/express/lib/router/route.js:216:15)
2024-11-06 23:06:40 +00:00:     at proto.<computed> [as get] (/var/www/podokan/backend/node_modules/express/lib/router/index.js:521:19)
2024-11-06 23:06:40 +00:00:     at Object.<anonymous> (/var/www/podokan/backend/controller/event.js:93:8)
2024-11-06 23:06:40 +00:00:     at Module._compile (node:internal/modules/cjs/loader:1469:14)
2024-11-06 23:06:40 +00:00:     at Module._extensions..js (node:internal/modules/cjs/loader:1548:10)
2024-11-06 23:06:40 +00:00:     at Module.load (node:internal/modules/cjs/loader:1288:32)
2024-11-06 23:06:40 +00:00:     at Module._load (node:internal/modules/cjs/loader:1104:12)
2024-11-06 23:06:40 +00:00:     at Module.require (node:internal/modules/cjs/loader:1311:19)
2024-11-06 23:06:40 +00:00:     at Hook._require.Module.require (/usr/lib/node_modules/pm2/node_modules/require-in-the-middle/index.js:101:39)
2024-11-06 23:06:40 +00:00:     at require (node:internal/modules/helpers:179:18)
