2024-11-06T22:41:07: Error: Route.get() requires a callback function but got a [object Undefined]
2024-11-06T22:41:07:     at Route.<computed> [as get] (/var/www/podokan/backend/node_modules/express/lib/router/route.js:216:15)
2024-11-06T22:41:07:     at proto.<computed> [as get] (/var/www/podokan/backend/node_modules/express/lib/router/index.js:521:19)
2024-11-06T22:41:07:     at Object.<anonymous> (/var/www/podokan/backend/controller/event.js:93:8)
2024-11-06T22:41:07:     at Module._compile (node:internal/modules/cjs/loader:1469:14)
2024-11-06T22:41:07:     at Module._extensions..js (node:internal/modules/cjs/loader:1548:10)
2024-11-06T22:41:07:     at Module.load (node:internal/modules/cjs/loader:1288:32)
2024-11-06T22:41:07:     at Module._load (node:internal/modules/cjs/loader:1104:12)
2024-11-06T22:41:07:     at Module.require (node:internal/modules/cjs/loader:1311:19)
2024-11-06T22:41:07:     at Hook._require.Module.require (/usr/lib/node_modules/pm2/node_modules/require-in-the-middle/index.js:101:39)
2024-11-06T22:41:07:     at require (node:internal/modules/helpers:179:18)
2024-11-06T22:41:08: Error: Route.get() requires a callback function but got a [object Undefined]
2024-11-06T22:41:08:     at Route.<computed> [as get] (/var/www/podokan/backend/node_modules/express/lib/router/route.js:216:15)
2024-11-06T22:41:08:     at proto.<computed> [as get] (/var/www/podokan/backend/node_modules/express/lib/router/index.js:521:19)
2024-11-06T22:41:08:     at Object.<anonymous> (/var/www/podokan/backend/controller/event.js:93:8)
2024-11-06T22:41:08:     at Module._compile (node:internal/modules/cjs/loader:1469:14)
2024-11-06T22:41:08:     at Module._extensions..js (node:internal/modules/cjs/loader:1548:10)
2024-11-06T22:41:08:     at Module.load (node:internal/modules/cjs/loader:1288:32)
2024-11-06T22:41:08:     at Module._load (node:internal/modules/cjs/loader:1104:12)
2024-11-06T22:41:08:     at Module.require (node:internal/modules/cjs/loader:1311:19)
2024-11-06T22:41:08:     at Hook._require.Module.require (/usr/lib/node_modules/pm2/node_modules/require-in-the-middle/index.js:101:39)
2024-11-06T22:41:08:     at require (node:internal/modules/helpers:179:18)
2024-11-06T22:41:09: Error: Route.get() requires a callback function but got a [object Undefined]
2024-11-06T22:41:09:     at Route.<computed> [as get] (/var/www/podokan/backend/node_modules/express/lib/router/route.js:216:15)
2024-11-06T22:41:09:     at proto.<computed> [as get] (/var/www/podokan/backend/node_modules/express/lib/router/index.js:521:19)
2024-11-06T22:41:09:     at Object.<anonymous> (/var/www/podokan/backend/controller/event.js:93:8)
2024-11-06T22:41:09:     at Module._compile (node:internal/modules/cjs/loader:1469:14)
2024-11-06T22:41:09:     at Module._extensions..js (node:internal/modules/cjs/loader:1548:10)
2024-11-06T22:41:09:     at Module.load (node:internal/modules/cjs/loader:1288:32)
2024-11-06T22:41:09:     at Module._load (node:internal/modules/cjs/loader:1104:12)
2024-11-06T22:41:09:     at Module.require (node:internal/modules/cjs/loader:1311:19)
2024-11-06T22:41:09:     at Hook._require.Module.require (/usr/lib/node_modules/pm2/node_modules/require-in-the-middle/index.js:101:39)
2024-11-06T22:41:09:     at require (node:internal/modules/helpers:179:18)
2024-11-06T22:41:09: Error: Route.get() requires a callback function but got a [object Undefined]
2024-11-06T22:41:09:     at Route.<computed> [as get] (/var/www/podokan/backend/node_modules/express/lib/router/route.js:216:15)
2024-11-06T22:41:09:     at proto.<computed> [as get] (/var/www/podokan/backend/node_modules/express/lib/router/index.js:521:19)
2024-11-06T22:41:09:     at Object.<anonymous> (/var/www/podokan/backend/controller/event.js:93:8)
2024-11-06T22:41:09:     at Module._compile (node:internal/modules/cjs/loader:1469:14)
2024-11-06T22:41:09:     at Module._extensions..js (node:internal/modules/cjs/loader:1548:10)
2024-11-06T22:41:09:     at Module.load (node:internal/modules/cjs/loader:1288:32)
2024-11-06T22:41:09:     at Module._load (node:internal/modules/cjs/loader:1104:12)
2024-11-06T22:41:09:     at Module.require (node:internal/modules/cjs/loader:1311:19)
2024-11-06T22:41:09:     at Hook._require.Module.require (/usr/lib/node_modules/pm2/node_modules/require-in-the-middle/index.js:101:39)
2024-11-06T22:41:09:     at require (node:internal/modules/helpers:179:18)
2024-11-06T22:41:10: Error: Route.get() requires a callback function but got a [object Undefined]
2024-11-06T22:41:10:     at Route.<computed> [as get] (/var/www/podokan/backend/node_modules/express/lib/router/route.js:216:15)
2024-11-06T22:41:10:     at proto.<computed> [as get] (/var/www/podokan/backend/node_modules/express/lib/router/index.js:521:19)
2024-11-06T22:41:10:     at Object.<anonymous> (/var/www/podokan/backend/controller/event.js:93:8)
2024-11-06T22:41:10:     at Module._compile (node:internal/modules/cjs/loader:1469:14)
2024-11-06T22:41:10:     at Module._extensions..js (node:internal/modules/cjs/loader:1548:10)
2024-11-06T22:41:10:     at Module.load (node:internal/modules/cjs/loader:1288:32)
2024-11-06T22:41:10:     at Module._load (node:internal/modules/cjs/loader:1104:12)
2024-11-06T22:41:10:     at Module.require (node:internal/modules/cjs/loader:1311:19)
2024-11-06T22:41:10:     at Hook._require.Module.require (/usr/lib/node_modules/pm2/node_modules/require-in-the-middle/index.js:101:39)
2024-11-06T22:41:10:     at require (node:internal/modules/helpers:179:18)
2024-11-06T22:41:11: Error: Route.get() requires a callback function but got a [object Undefined]
2024-11-06T22:41:11:     at Route.<computed> [as get] (/var/www/podokan/backend/node_modules/express/lib/router/route.js:216:15)
2024-11-06T22:41:11:     at proto.<computed> [as get] (/var/www/podokan/backend/node_modules/express/lib/router/index.js:521:19)
2024-11-06T22:41:11:     at Object.<anonymous> (/var/www/podokan/backend/controller/event.js:93:8)
2024-11-06T22:41:11:     at Module._compile (node:internal/modules/cjs/loader:1469:14)
2024-11-06T22:41:11:     at Module._extensions..js (node:internal/modules/cjs/loader:1548:10)
2024-11-06T22:41:11:     at Module.load (node:internal/modules/cjs/loader:1288:32)
2024-11-06T22:41:11:     at Module._load (node:internal/modules/cjs/loader:1104:12)
2024-11-06T22:41:11:     at Module.require (node:internal/modules/cjs/loader:1311:19)
2024-11-06T22:41:11:     at Hook._require.Module.require (/usr/lib/node_modules/pm2/node_modules/require-in-the-middle/index.js:101:39)
2024-11-06T22:41:11:     at require (node:internal/modules/helpers:179:18)
2024-11-06T22:41:12: Error: Route.get() requires a callback function but got a [object Undefined]
2024-11-06T22:41:12:     at Route.<computed> [as get] (/var/www/podokan/backend/node_modules/express/lib/router/route.js:216:15)
2024-11-06T22:41:12:     at proto.<computed> [as get] (/var/www/podokan/backend/node_modules/express/lib/router/index.js:521:19)
2024-11-06T22:41:12:     at Object.<anonymous> (/var/www/podokan/backend/controller/event.js:93:8)
2024-11-06T22:41:12:     at Module._compile (node:internal/modules/cjs/loader:1469:14)
2024-11-06T22:41:12:     at Module._extensions..js (node:internal/modules/cjs/loader:1548:10)
2024-11-06T22:41:12:     at Module.load (node:internal/modules/cjs/loader:1288:32)
2024-11-06T22:41:12:     at Module._load (node:internal/modules/cjs/loader:1104:12)
2024-11-06T22:41:12:     at Module.require (node:internal/modules/cjs/loader:1311:19)
2024-11-06T22:41:12:     at Hook._require.Module.require (/usr/lib/node_modules/pm2/node_modules/require-in-the-middle/index.js:101:39)
2024-11-06T22:41:12:     at require (node:internal/modules/helpers:179:18)
2024-11-06T22:41:12: Error: Route.get() requires a callback function but got a [object Undefined]
2024-11-06T22:41:12:     at Route.<computed> [as get] (/var/www/podokan/backend/node_modules/express/lib/router/route.js:216:15)
2024-11-06T22:41:12:     at proto.<computed> [as get] (/var/www/podokan/backend/node_modules/express/lib/router/index.js:521:19)
2024-11-06T22:41:12:     at Object.<anonymous> (/var/www/podokan/backend/controller/event.js:93:8)
2024-11-06T22:41:12:     at Module._compile (node:internal/modules/cjs/loader:1469:14)
2024-11-06T22:41:12:     at Module._extensions..js (node:internal/modules/cjs/loader:1548:10)
2024-11-06T22:41:12:     at Module.load (node:internal/modules/cjs/loader:1288:32)
2024-11-06T22:41:12:     at Module._load (node:internal/modules/cjs/loader:1104:12)
2024-11-06T22:41:12:     at Module.require (node:internal/modules/cjs/loader:1311:19)
2024-11-06T22:41:12:     at Hook._require.Module.require (/usr/lib/node_modules/pm2/node_modules/require-in-the-middle/index.js:101:39)
2024-11-06T22:41:12:     at require (node:internal/modules/helpers:179:18)
2024-11-06T22:41:13: Error: Route.get() requires a callback function but got a [object Undefined]
2024-11-06T22:41:13:     at Route.<computed> [as get] (/var/www/podokan/backend/node_modules/express/lib/router/route.js:216:15)
2024-11-06T22:41:13:     at proto.<computed> [as get] (/var/www/podokan/backend/node_modules/express/lib/router/index.js:521:19)
2024-11-06T22:41:13:     at Object.<anonymous> (/var/www/podokan/backend/controller/event.js:93:8)
2024-11-06T22:41:13:     at Module._compile (node:internal/modules/cjs/loader:1469:14)
2024-11-06T22:41:13:     at Module._extensions..js (node:internal/modules/cjs/loader:1548:10)
2024-11-06T22:41:13:     at Module.load (node:internal/modules/cjs/loader:1288:32)
2024-11-06T22:41:13:     at Module._load (node:internal/modules/cjs/loader:1104:12)
2024-11-06T22:41:13:     at Module.require (node:internal/modules/cjs/loader:1311:19)
2024-11-06T22:41:13:     at Hook._require.Module.require (/usr/lib/node_modules/pm2/node_modules/require-in-the-middle/index.js:101:39)
2024-11-06T22:41:13:     at require (node:internal/modules/helpers:179:18)
2024-11-06T22:41:14: Error: Route.get() requires a callback function but got a [object Undefined]
2024-11-06T22:41:14:     at Route.<computed> [as get] (/var/www/podokan/backend/node_modules/express/lib/router/route.js:216:15)
2024-11-06T22:41:14:     at proto.<computed> [as get] (/var/www/podokan/backend/node_modules/express/lib/router/index.js:521:19)
2024-11-06T22:41:14:     at Object.<anonymous> (/var/www/podokan/backend/controller/event.js:93:8)
2024-11-06T22:41:14:     at Module._compile (node:internal/modules/cjs/loader:1469:14)
2024-11-06T22:41:14:     at Module._extensions..js (node:internal/modules/cjs/loader:1548:10)
2024-11-06T22:41:14:     at Module.load (node:internal/modules/cjs/loader:1288:32)
2024-11-06T22:41:14:     at Module._load (node:internal/modules/cjs/loader:1104:12)
2024-11-06T22:41:14:     at Module.require (node:internal/modules/cjs/loader:1311:19)
2024-11-06T22:41:14:     at Hook._require.Module.require (/usr/lib/node_modules/pm2/node_modules/require-in-the-middle/index.js:101:39)
2024-11-06T22:41:14:     at require (node:internal/modules/helpers:179:18)
2024-11-06T22:41:15: Error: Route.get() requires a callback function but got a [object Undefined]
2024-11-06T22:41:15:     at Route.<computed> [as get] (/var/www/podokan/backend/node_modules/express/lib/router/route.js:216:15)
2024-11-06T22:41:15:     at proto.<computed> [as get] (/var/www/podokan/backend/node_modules/express/lib/router/index.js:521:19)
2024-11-06T22:41:15:     at Object.<anonymous> (/var/www/podokan/backend/controller/event.js:93:8)
2024-11-06T22:41:15:     at Module._compile (node:internal/modules/cjs/loader:1469:14)
2024-11-06T22:41:15:     at Module._extensions..js (node:internal/modules/cjs/loader:1548:10)
2024-11-06T22:41:15:     at Module.load (node:internal/modules/cjs/loader:1288:32)
2024-11-06T22:41:15:     at Module._load (node:internal/modules/cjs/loader:1104:12)
2024-11-06T22:41:15:     at Module.require (node:internal/modules/cjs/loader:1311:19)
2024-11-06T22:41:15:     at Hook._require.Module.require (/usr/lib/node_modules/pm2/node_modules/require-in-the-middle/index.js:101:39)
2024-11-06T22:41:15:     at require (node:internal/modules/helpers:179:18)
2024-11-06T22:41:15: Error: Route.get() requires a callback function but got a [object Undefined]
2024-11-06T22:41:15:     at Route.<computed> [as get] (/var/www/podokan/backend/node_modules/express/lib/router/route.js:216:15)
2024-11-06T22:41:15:     at proto.<computed> [as get] (/var/www/podokan/backend/node_modules/express/lib/router/index.js:521:19)
2024-11-06T22:41:15:     at Object.<anonymous> (/var/www/podokan/backend/controller/event.js:93:8)
2024-11-06T22:41:15:     at Module._compile (node:internal/modules/cjs/loader:1469:14)
2024-11-06T22:41:15:     at Module._extensions..js (node:internal/modules/cjs/loader:1548:10)
2024-11-06T22:41:15:     at Module.load (node:internal/modules/cjs/loader:1288:32)
2024-11-06T22:41:15:     at Module._load (node:internal/modules/cjs/loader:1104:12)
2024-11-06T22:41:15:     at Module.require (node:internal/modules/cjs/loader:1311:19)
2024-11-06T22:41:15:     at Hook._require.Module.require (/usr/lib/node_modules/pm2/node_modules/require-in-the-middle/index.js:101:39)
2024-11-06T22:41:15:     at require (node:internal/modules/helpers:179:18)
2024-11-06T22:41:16: Error: Route.get() requires a callback function but got a [object Undefined]
2024-11-06T22:41:16:     at Route.<computed> [as get] (/var/www/podokan/backend/node_modules/express/lib/router/route.js:216:15)
2024-11-06T22:41:16:     at proto.<computed> [as get] (/var/www/podokan/backend/node_modules/express/lib/router/index.js:521:19)
2024-11-06T22:41:16:     at Object.<anonymous> (/var/www/podokan/backend/controller/event.js:93:8)
2024-11-06T22:41:16:     at Module._compile (node:internal/modules/cjs/loader:1469:14)
2024-11-06T22:41:16:     at Module._extensions..js (node:internal/modules/cjs/loader:1548:10)
2024-11-06T22:41:16:     at Module.load (node:internal/modules/cjs/loader:1288:32)
2024-11-06T22:41:16:     at Module._load (node:internal/modules/cjs/loader:1104:12)
2024-11-06T22:41:16:     at Module.require (node:internal/modules/cjs/loader:1311:19)
2024-11-06T22:41:16:     at Hook._require.Module.require (/usr/lib/node_modules/pm2/node_modules/require-in-the-middle/index.js:101:39)
2024-11-06T22:41:16:     at require (node:internal/modules/helpers:179:18)
2024-11-06T22:41:17: Error: Route.get() requires a callback function but got a [object Undefined]
2024-11-06T22:41:17:     at Route.<computed> [as get] (/var/www/podokan/backend/node_modules/express/lib/router/route.js:216:15)
2024-11-06T22:41:17:     at proto.<computed> [as get] (/var/www/podokan/backend/node_modules/express/lib/router/index.js:521:19)
2024-11-06T22:41:17:     at Object.<anonymous> (/var/www/podokan/backend/controller/event.js:93:8)
2024-11-06T22:41:17:     at Module._compile (node:internal/modules/cjs/loader:1469:14)
2024-11-06T22:41:17:     at Module._extensions..js (node:internal/modules/cjs/loader:1548:10)
2024-11-06T22:41:17:     at Module.load (node:internal/modules/cjs/loader:1288:32)
2024-11-06T22:41:17:     at Module._load (node:internal/modules/cjs/loader:1104:12)
2024-11-06T22:41:17:     at Module.require (node:internal/modules/cjs/loader:1311:19)
2024-11-06T22:41:17:     at Hook._require.Module.require (/usr/lib/node_modules/pm2/node_modules/require-in-the-middle/index.js:101:39)
2024-11-06T22:41:17:     at require (node:internal/modules/helpers:179:18)
2024-11-06T22:41:17: Error: Route.get() requires a callback function but got a [object Undefined]
2024-11-06T22:41:17:     at Route.<computed> [as get] (/var/www/podokan/backend/node_modules/express/lib/router/route.js:216:15)
2024-11-06T22:41:17:     at proto.<computed> [as get] (/var/www/podokan/backend/node_modules/express/lib/router/index.js:521:19)
2024-11-06T22:41:17:     at Object.<anonymous> (/var/www/podokan/backend/controller/event.js:93:8)
2024-11-06T22:41:17:     at Module._compile (node:internal/modules/cjs/loader:1469:14)
2024-11-06T22:41:17:     at Module._extensions..js (node:internal/modules/cjs/loader:1548:10)
2024-11-06T22:41:17:     at Module.load (node:internal/modules/cjs/loader:1288:32)
2024-11-06T22:41:17:     at Module._load (node:internal/modules/cjs/loader:1104:12)
2024-11-06T22:41:17:     at Module.require (node:internal/modules/cjs/loader:1311:19)
2024-11-06T22:41:17:     at Hook._require.Module.require (/usr/lib/node_modules/pm2/node_modules/require-in-the-middle/index.js:101:39)
2024-11-06T22:41:17:     at require (node:internal/modules/helpers:179:18)
2024-11-06T22:41:18: Error: Route.get() requires a callback function but got a [object Undefined]
2024-11-06T22:41:18:     at Route.<computed> [as get] (/var/www/podokan/backend/node_modules/express/lib/router/route.js:216:15)
2024-11-06T22:41:18:     at proto.<computed> [as get] (/var/www/podokan/backend/node_modules/express/lib/router/index.js:521:19)
2024-11-06T22:41:18:     at Object.<anonymous> (/var/www/podokan/backend/controller/event.js:93:8)
2024-11-06T22:41:18:     at Module._compile (node:internal/modules/cjs/loader:1469:14)
2024-11-06T22:41:18:     at Module._extensions..js (node:internal/modules/cjs/loader:1548:10)
2024-11-06T22:41:18:     at Module.load (node:internal/modules/cjs/loader:1288:32)
2024-11-06T22:41:18:     at Module._load (node:internal/modules/cjs/loader:1104:12)
2024-11-06T22:41:18:     at Module.require (node:internal/modules/cjs/loader:1311:19)
2024-11-06T22:41:18:     at Hook._require.Module.require (/usr/lib/node_modules/pm2/node_modules/require-in-the-middle/index.js:101:39)
2024-11-06T22:41:18:     at require (node:internal/modules/helpers:179:18)
2024-11-06T22:41:19: Error: Route.get() requires a callback function but got a [object Undefined]
2024-11-06T22:41:19:     at Route.<computed> [as get] (/var/www/podokan/backend/node_modules/express/lib/router/route.js:216:15)
2024-11-06T22:41:19:     at proto.<computed> [as get] (/var/www/podokan/backend/node_modules/express/lib/router/index.js:521:19)
2024-11-06T22:41:19:     at Object.<anonymous> (/var/www/podokan/backend/controller/event.js:93:8)
2024-11-06T22:41:19:     at Module._compile (node:internal/modules/cjs/loader:1469:14)
2024-11-06T22:41:19:     at Module._extensions..js (node:internal/modules/cjs/loader:1548:10)
2024-11-06T22:41:19:     at Module.load (node:internal/modules/cjs/loader:1288:32)
2024-11-06T22:41:19:     at Module._load (node:internal/modules/cjs/loader:1104:12)
2024-11-06T22:41:19:     at Module.require (node:internal/modules/cjs/loader:1311:19)
2024-11-06T22:41:19:     at Hook._require.Module.require (/usr/lib/node_modules/pm2/node_modules/require-in-the-middle/index.js:101:39)
2024-11-06T22:41:19:     at require (node:internal/modules/helpers:179:18)
