2024-11-05T16:45:16: Environment: { NODE_ENV: 'PRODUCTION', DB_URL: 'Set', PORT: '8000' }
2024-11-05T16:45:16: Attempting to connect to MongoDB...
2024-11-05T16:45:16: Database connected successfully
2024-11-05T16:45:16: Server is running on port 8000
2024-11-05T16:45:17: MongoDB connected with server: ac-u6kfsya-shard-00-00.iv8sqpb.mongodb.net
2024-11-05T16:52:58: GET /api/v2/shop/getSeller {
  cookies: {
    token: 'eyJhbGciOiJIUzI1NiIsInR5cCI6IkpXVCJ9.eyJpZCI6IjY1MWM2ZThjZTJlZGM1MzliYWJkMThhNCIsImlhdCI6MTczMDc2NjAyNywiZXhwIjoxNzMxMzcwODI3fQ.1ZO9_0OXO-RJRIRWc7GzWYEmtHZ_C59NVlGGr4nPcBg',
    seller_token: 'eyJhbGciOiJIUzI1NiIsInR5cCI6IkpXVCJ9.eyJpZCI6IjY1ZTIzY2Y3MjliODA0ZDAyNjEyNjZkNiIsImlhdCI6MTczMDU1MTI5MSwiZXhwIjoxNzMxMTU2MDkxfQ.AK_HDjOeGzV-jsK0NZ3pEzbNZiaKdMe2EKjjE46FoXE'
  },
  headers: { origin: undefined, auth: undefined, sellerAuth: undefined }
}
2024-11-05T16:52:58: Auth check: {
  cookies: {
    token: 'eyJhbGciOiJIUzI1NiIsInR5cCI6IkpXVCJ9.eyJpZCI6IjY1MWM2ZThjZTJlZGM1MzliYWJkMThhNCIsImlhdCI6MTczMDc2NjAyNywiZXhwIjoxNzMxMzcwODI3fQ.1ZO9_0OXO-RJRIRWc7GzWYEmtHZ_C59NVlGGr4nPcBg',
    seller_token: 'eyJhbGciOiJIUzI1NiIsInR5cCI6IkpXVCJ9.eyJpZCI6IjY1ZTIzY2Y3MjliODA0ZDAyNjEyNjZkNiIsImlhdCI6MTczMDU1MTI5MSwiZXhwIjoxNzMxMTU2MDkxfQ.AK_HDjOeGzV-jsK0NZ3pEzbNZiaKdMe2EKjjE46FoXE'
  },
  headers: { auth: undefined, sellerAuth: undefined },
  token: 'eyJhbGciOiJIUzI1NiIs...'
}
2024-11-05T16:52:58: GET /api/v2/product/get-all-products {
  cookies: {
    token: 'eyJhbGciOiJIUzI1NiIsInR5cCI6IkpXVCJ9.eyJpZCI6IjY1MWM2ZThjZTJlZGM1MzliYWJkMThhNCIsImlhdCI6MTczMDc2NjAyNywiZXhwIjoxNzMxMzcwODI3fQ.1ZO9_0OXO-RJRIRWc7GzWYEmtHZ_C59NVlGGr4nPcBg',
    seller_token: 'eyJhbGciOiJIUzI1NiIsInR5cCI6IkpXVCJ9.eyJpZCI6IjY1ZTIzY2Y3MjliODA0ZDAyNjEyNjZkNiIsImlhdCI6MTczMDU1MTI5MSwiZXhwIjoxNzMxMTU2MDkxfQ.AK_HDjOeGzV-jsK0NZ3pEzbNZiaKdMe2EKjjE46FoXE'
  },
  headers: { origin: undefined, auth: undefined, sellerAuth: undefined }
}
2024-11-05T16:52:58: GET /api/v2/event/get-all-events {
  cookies: {
    token: 'eyJhbGciOiJIUzI1NiIsInR5cCI6IkpXVCJ9.eyJpZCI6IjY1MWM2ZThjZTJlZGM1MzliYWJkMThhNCIsImlhdCI6MTczMDc2NjAyNywiZXhwIjoxNzMxMzcwODI3fQ.1ZO9_0OXO-RJRIRWc7GzWYEmtHZ_C59NVlGGr4nPcBg',
    seller_token: 'eyJhbGciOiJIUzI1NiIsInR5cCI6IkpXVCJ9.eyJpZCI6IjY1ZTIzY2Y3MjliODA0ZDAyNjEyNjZkNiIsImlhdCI6MTczMDU1MTI5MSwiZXhwIjoxNzMxMTU2MDkxfQ.AK_HDjOeGzV-jsK0NZ3pEzbNZiaKdMe2EKjjE46FoXE'
  },
  headers: { origin: undefined, auth: undefined, sellerAuth: undefined }
}
2024-11-05T16:52:58: GET /api/v2/user/getuser {
  cookies: {
    token: 'eyJhbGciOiJIUzI1NiIsInR5cCI6IkpXVCJ9.eyJpZCI6IjY1MWM2ZThjZTJlZGM1MzliYWJkMThhNCIsImlhdCI6MTczMDc2NjAyNywiZXhwIjoxNzMxMzcwODI3fQ.1ZO9_0OXO-RJRIRWc7GzWYEmtHZ_C59NVlGGr4nPcBg',
    seller_token: 'eyJhbGciOiJIUzI1NiIsInR5cCI6IkpXVCJ9.eyJpZCI6IjY1ZTIzY2Y3MjliODA0ZDAyNjEyNjZkNiIsImlhdCI6MTczMDU1MTI5MSwiZXhwIjoxNzMxMTU2MDkxfQ.AK_HDjOeGzV-jsK0NZ3pEzbNZiaKdMe2EKjjE46FoXE'
  },
  headers: { origin: undefined, auth: undefined, sellerAuth: undefined }
}
2024-11-05T16:53:07: GET /api/v2/order/get-seller-all-orders/65e23cf729b804d0261266d6 {
  cookies: {
    token: 'eyJhbGciOiJIUzI1NiIsInR5cCI6IkpXVCJ9.eyJpZCI6IjY1MWM2ZThjZTJlZGM1MzliYWJkMThhNCIsImlhdCI6MTczMDc2NjAyNywiZXhwIjoxNzMxMzcwODI3fQ.1ZO9_0OXO-RJRIRWc7GzWYEmtHZ_C59NVlGGr4nPcBg',
    seller_token: 'eyJhbGciOiJIUzI1NiIsInR5cCI6IkpXVCJ9.eyJpZCI6IjY1ZTIzY2Y3MjliODA0ZDAyNjEyNjZkNiIsImlhdCI6MTczMDU1MTI5MSwiZXhwIjoxNzMxMTU2MDkxfQ.AK_HDjOeGzV-jsK0NZ3pEzbNZiaKdMe2EKjjE46FoXE'
  },
  headers: { origin: undefined, auth: undefined, sellerAuth: undefined }
}
2024-11-05T16:53:07: Auth check: {
  cookies: {
    token: 'eyJhbGciOiJIUzI1NiIsInR5cCI6IkpXVCJ9.eyJpZCI6IjY1MWM2ZThjZTJlZGM1MzliYWJkMThhNCIsImlhdCI6MTczMDc2NjAyNywiZXhwIjoxNzMxMzcwODI3fQ.1ZO9_0OXO-RJRIRWc7GzWYEmtHZ_C59NVlGGr4nPcBg',
    seller_token: 'eyJhbGciOiJIUzI1NiIsInR5cCI6IkpXVCJ9.eyJpZCI6IjY1ZTIzY2Y3MjliODA0ZDAyNjEyNjZkNiIsImlhdCI6MTczMDU1MTI5MSwiZXhwIjoxNzMxMTU2MDkxfQ.AK_HDjOeGzV-jsK0NZ3pEzbNZiaKdMe2EKjjE46FoXE'
  },
  headers: { auth: undefined, sellerAuth: undefined },
  token: 'eyJhbGciOiJIUzI1NiIs...'
}
2024-11-05T16:53:07: GET /api/v2/product/get-all-products-shop/65e23cf729b804d0261266d6 {
  cookies: {
    token: 'eyJhbGciOiJIUzI1NiIsInR5cCI6IkpXVCJ9.eyJpZCI6IjY1MWM2ZThjZTJlZGM1MzliYWJkMThhNCIsImlhdCI6MTczMDc2NjAyNywiZXhwIjoxNzMxMzcwODI3fQ.1ZO9_0OXO-RJRIRWc7GzWYEmtHZ_C59NVlGGr4nPcBg',
    seller_token: 'eyJhbGciOiJIUzI1NiIsInR5cCI6IkpXVCJ9.eyJpZCI6IjY1ZTIzY2Y3MjliODA0ZDAyNjEyNjZkNiIsImlhdCI6MTczMDU1MTI5MSwiZXhwIjoxNzMxMTU2MDkxfQ.AK_HDjOeGzV-jsK0NZ3pEzbNZiaKdMe2EKjjE46FoXE'
  },
  headers: { origin: undefined, auth: undefined, sellerAuth: undefined }
}
2024-11-05T16:53:14: GET /api/v2/order/admin-all-orders {
  cookies: {
    token: 'eyJhbGciOiJIUzI1NiIsInR5cCI6IkpXVCJ9.eyJpZCI6IjY1MWM2ZThjZTJlZGM1MzliYWJkMThhNCIsImlhdCI6MTczMDc2NjAyNywiZXhwIjoxNzMxMzcwODI3fQ.1ZO9_0OXO-RJRIRWc7GzWYEmtHZ_C59NVlGGr4nPcBg',
    seller_token: 'eyJhbGciOiJIUzI1NiIsInR5cCI6IkpXVCJ9.eyJpZCI6IjY1ZTIzY2Y3MjliODA0ZDAyNjEyNjZkNiIsImlhdCI6MTczMDU1MTI5MSwiZXhwIjoxNzMxMTU2MDkxfQ.AK_HDjOeGzV-jsK0NZ3pEzbNZiaKdMe2EKjjE46FoXE'
  },
  headers: { origin: undefined, auth: undefined, sellerAuth: undefined }
}
2024-11-05T16:53:14: GET /api/v2/api/v2/shop/admin-all-sellers {
  cookies: {
    token: 'eyJhbGciOiJIUzI1NiIsInR5cCI6IkpXVCJ9.eyJpZCI6IjY1MWM2ZThjZTJlZGM1MzliYWJkMThhNCIsImlhdCI6MTczMDc2NjAyNywiZXhwIjoxNzMxMzcwODI3fQ.1ZO9_0OXO-RJRIRWc7GzWYEmtHZ_C59NVlGGr4nPcBg',
    seller_token: 'eyJhbGciOiJIUzI1NiIsInR5cCI6IkpXVCJ9.eyJpZCI6IjY1ZTIzY2Y3MjliODA0ZDAyNjEyNjZkNiIsImlhdCI6MTczMDU1MTI5MSwiZXhwIjoxNzMxMTU2MDkxfQ.AK_HDjOeGzV-jsK0NZ3pEzbNZiaKdMe2EKjjE46FoXE'
  },
  headers: { origin: undefined, auth: undefined, sellerAuth: undefined }
}
2024-11-05T16:53:32: GET /api/v2/product/admin/pending-products {
  cookies: {
    token: 'eyJhbGciOiJIUzI1NiIsInR5cCI6IkpXVCJ9.eyJpZCI6IjY1MWM2ZThjZTJlZGM1MzliYWJkMThhNCIsImlhdCI6MTczMDc2NjAyNywiZXhwIjoxNzMxMzcwODI3fQ.1ZO9_0OXO-RJRIRWc7GzWYEmtHZ_C59NVlGGr4nPcBg',
    seller_token: 'eyJhbGciOiJIUzI1NiIsInR5cCI6IkpXVCJ9.eyJpZCI6IjY1ZTIzY2Y3MjliODA0ZDAyNjEyNjZkNiIsImlhdCI6MTczMDU1MTI5MSwiZXhwIjoxNzMxMTU2MDkxfQ.AK_HDjOeGzV-jsK0NZ3pEzbNZiaKdMe2EKjjE46FoXE'
  },
  headers: { origin: undefined, auth: undefined, sellerAuth: undefined }
}
2024-11-05T16:53:37: GET /api/v2/user/getuser {
  cookies: {
    token: 'eyJhbGciOiJIUzI1NiIsInR5cCI6IkpXVCJ9.eyJpZCI6IjY1MWM2ZThjZTJlZGM1MzliYWJkMThhNCIsImlhdCI6MTczMDc2NjAyNywiZXhwIjoxNzMxMzcwODI3fQ.1ZO9_0OXO-RJRIRWc7GzWYEmtHZ_C59NVlGGr4nPcBg',
    seller_token: 'eyJhbGciOiJIUzI1NiIsInR5cCI6IkpXVCJ9.eyJpZCI6IjY1ZTIzY2Y3MjliODA0ZDAyNjEyNjZkNiIsImlhdCI6MTczMDU1MTI5MSwiZXhwIjoxNzMxMTU2MDkxfQ.AK_HDjOeGzV-jsK0NZ3pEzbNZiaKdMe2EKjjE46FoXE'
  },
  headers: { origin: undefined, auth: undefined, sellerAuth: undefined }
}
2024-11-05T16:53:37: GET /api/v2/shop/getSeller {
  cookies: {
    token: 'eyJhbGciOiJIUzI1NiIsInR5cCI6IkpXVCJ9.eyJpZCI6IjY1MWM2ZThjZTJlZGM1MzliYWJkMThhNCIsImlhdCI6MTczMDc2NjAyNywiZXhwIjoxNzMxMzcwODI3fQ.1ZO9_0OXO-RJRIRWc7GzWYEmtHZ_C59NVlGGr4nPcBg',
    seller_token: 'eyJhbGciOiJIUzI1NiIsInR5cCI6IkpXVCJ9.eyJpZCI6IjY1ZTIzY2Y3MjliODA0ZDAyNjEyNjZkNiIsImlhdCI6MTczMDU1MTI5MSwiZXhwIjoxNzMxMTU2MDkxfQ.AK_HDjOeGzV-jsK0NZ3pEzbNZiaKdMe2EKjjE46FoXE'
  },
  headers: { origin: undefined, auth: undefined, sellerAuth: undefined }
}
2024-11-05T16:53:37: Auth check: {
  cookies: {
    token: 'eyJhbGciOiJIUzI1NiIsInR5cCI6IkpXVCJ9.eyJpZCI6IjY1MWM2ZThjZTJlZGM1MzliYWJkMThhNCIsImlhdCI6MTczMDc2NjAyNywiZXhwIjoxNzMxMzcwODI3fQ.1ZO9_0OXO-RJRIRWc7GzWYEmtHZ_C59NVlGGr4nPcBg',
    seller_token: 'eyJhbGciOiJIUzI1NiIsInR5cCI6IkpXVCJ9.eyJpZCI6IjY1ZTIzY2Y3MjliODA0ZDAyNjEyNjZkNiIsImlhdCI6MTczMDU1MTI5MSwiZXhwIjoxNzMxMTU2MDkxfQ.AK_HDjOeGzV-jsK0NZ3pEzbNZiaKdMe2EKjjE46FoXE'
  },
  headers: { auth: undefined, sellerAuth: undefined },
  token: 'eyJhbGciOiJIUzI1NiIs...'
}
2024-11-05T16:53:37: GET /api/v2/product/get-all-products {
  cookies: {
    token: 'eyJhbGciOiJIUzI1NiIsInR5cCI6IkpXVCJ9.eyJpZCI6IjY1MWM2ZThjZTJlZGM1MzliYWJkMThhNCIsImlhdCI6MTczMDc2NjAyNywiZXhwIjoxNzMxMzcwODI3fQ.1ZO9_0OXO-RJRIRWc7GzWYEmtHZ_C59NVlGGr4nPcBg',
    seller_token: 'eyJhbGciOiJIUzI1NiIsInR5cCI6IkpXVCJ9.eyJpZCI6IjY1ZTIzY2Y3MjliODA0ZDAyNjEyNjZkNiIsImlhdCI6MTczMDU1MTI5MSwiZXhwIjoxNzMxMTU2MDkxfQ.AK_HDjOeGzV-jsK0NZ3pEzbNZiaKdMe2EKjjE46FoXE'
  },
  headers: { origin: undefined, auth: undefined, sellerAuth: undefined }
}
2024-11-05T16:53:37: GET /api/v2/event/get-all-events {
  cookies: {
    token: 'eyJhbGciOiJIUzI1NiIsInR5cCI6IkpXVCJ9.eyJpZCI6IjY1MWM2ZThjZTJlZGM1MzliYWJkMThhNCIsImlhdCI6MTczMDc2NjAyNywiZXhwIjoxNzMxMzcwODI3fQ.1ZO9_0OXO-RJRIRWc7GzWYEmtHZ_C59NVlGGr4nPcBg',
    seller_token: 'eyJhbGciOiJIUzI1NiIsInR5cCI6IkpXVCJ9.eyJpZCI6IjY1ZTIzY2Y3MjliODA0ZDAyNjEyNjZkNiIsImlhdCI6MTczMDU1MTI5MSwiZXhwIjoxNzMxMTU2MDkxfQ.AK_HDjOeGzV-jsK0NZ3pEzbNZiaKdMe2EKjjE46FoXE'
  },
  headers: { origin: undefined, auth: undefined, sellerAuth: undefined }
}
2024-11-05T16:54:07: POST /api/v2/product/create-product {
  cookies: {
    token: 'eyJhbGciOiJIUzI1NiIsInR5cCI6IkpXVCJ9.eyJpZCI6IjY1MWM2ZThjZTJlZGM1MzliYWJkMThhNCIsImlhdCI6MTczMDc2NjAyNywiZXhwIjoxNzMxMzcwODI3fQ.1ZO9_0OXO-RJRIRWc7GzWYEmtHZ_C59NVlGGr4nPcBg',
    seller_token: 'eyJhbGciOiJIUzI1NiIsInR5cCI6IkpXVCJ9.eyJpZCI6IjY1ZTIzY2Y3MjliODA0ZDAyNjEyNjZkNiIsImlhdCI6MTczMDU1MTI5MSwiZXhwIjoxNzMxMTU2MDkxfQ.AK_HDjOeGzV-jsK0NZ3pEzbNZiaKdMe2EKjjE46FoXE'
  },
  headers: {
    origin: 'https://testpodokan.store',
    auth: 'Bearer eyJhbGciOiJIUzI1NiIsInR5cCI6IkpXVCJ9.eyJpZCI6IjY1ZTIzY2Y3MjliODA0ZDAyNjEyNjZkNiIsImlhdCI6MTczMDU1MTI5MSwiZXhwIjoxNzMxMTU2MDkxfQ.AK_HDjOeGzV-jsK0NZ3pEzbNZiaKdMe2EKjjE46FoXE',
    sellerAuth: undefined
  }
}
2024-11-05T16:54:07: Auth check: {
  cookies: {
    token: 'eyJhbGciOiJIUzI1NiIsInR5cCI6IkpXVCJ9.eyJpZCI6IjY1MWM2ZThjZTJlZGM1MzliYWJkMThhNCIsImlhdCI6MTczMDc2NjAyNywiZXhwIjoxNzMxMzcwODI3fQ.1ZO9_0OXO-RJRIRWc7GzWYEmtHZ_C59NVlGGr4nPcBg',
    seller_token: 'eyJhbGciOiJIUzI1NiIsInR5cCI6IkpXVCJ9.eyJpZCI6IjY1ZTIzY2Y3MjliODA0ZDAyNjEyNjZkNiIsImlhdCI6MTczMDU1MTI5MSwiZXhwIjoxNzMxMTU2MDkxfQ.AK_HDjOeGzV-jsK0NZ3pEzbNZiaKdMe2EKjjE46FoXE'
  },
  headers: {
    auth: 'Bearer eyJhbGciOiJIUzI1NiIsInR5cCI6IkpXVCJ9.eyJpZCI6IjY1ZTIzY2Y3MjliODA0ZDAyNjEyNjZkNiIsImlhdCI6MTczMDU1MTI5MSwiZXhwIjoxNzMxMTU2MDkxfQ.AK_HDjOeGzV-jsK0NZ3pEzbNZiaKdMe2EKjjE46FoXE',
    sellerAuth: undefined
  },
  token: 'eyJhbGciOiJIUzI1NiIs...'
}
2024-11-05T16:54:07: Create product request: {
  body: [Object: null prototype] {
    DesignTitle: 'gear-5-Monkey-D-Luffy',
    Description: 'ewyhujwkjlasdklsdf',
    Maintag: 'dksflgklsdfakl',
    Designtags: '["dklslsdkffklj"]',
    ProductType: 't-shirt',
    ProductColor: 'white',
    ProductView: 'front',
    DesignScale: '1',
    shopId: '65e23cf729b804d0261266d6',
    designPosition: '{"x":50,"y":50}',
    originalPrice: '340',
    discountPrice: '310',
    availableColors: '["white"]'
  },
  file: {
    fieldname: 'designImage',
    originalname: '[removal.ai]_11466a45-b14a-47ea-bb18-c40afda8e502-black-clover-v002-transformed_8D91IJ.png',
    encoding: '7bit',
    mimetype: 'image/png',
    destination: 'uploads/',
    filename: 'designImage-1730825647620-805275275.png',
    path: 'uploads/designImage-1730825647620-805275275.png',
    size: 1365879
  },
  seller: new ObjectId("65e23cf729b804d0261266d6")
}
2024-11-05T16:54:44: GET /api/v2/event/get-all-events {
  cookies: [Object: null prototype] {},
  headers: { origin: undefined, auth: undefined, sellerAuth: undefined }
}
2024-11-05T16:54:45: GET /api/v2/shop/getSeller {
  cookies: [Object: null prototype] {},
  headers: { origin: undefined, auth: undefined, sellerAuth: undefined }
}
2024-11-05T16:54:45: Auth check: {
  cookies: [Object: null prototype] {},
  headers: { auth: undefined, sellerAuth: undefined },
  token: 'missing'
}
2024-11-05T16:54:47: GET /api/v2/product/get-all-products {
  cookies: [Object: null prototype] {},
  headers: { origin: undefined, auth: undefined, sellerAuth: undefined }
}
2024-11-05T16:58:36: Environment: { NODE_ENV: 'PRODUCTION', DB_URL: 'Set', PORT: '8000' }
2024-11-05T16:58:36: Attempting to connect to MongoDB...
2024-11-05T16:58:36: Database connected successfully
2024-11-05T16:58:36: Server is running on port 8000
2024-11-05T16:58:37: MongoDB connected with server: ac-u6kfsya-shard-00-01.iv8sqpb.mongodb.net
