<<<<<<< HEAD
2025-02-07T23:38:46: Attempting database connection... { attempt: 1, maxRetries: 5 }
2025-02-07T23:38:46: MongoDB: Connecting...
2025-02-07T23:38:47: MongoDB: Connected successfully
2025-02-07T23:38:47: Server running on port 8000
2025-02-07T23:38:47: Database connected
2025-02-08T12:14:16: Attempting database connection... { attempt: 1, maxRetries: 5 }
2025-02-08T12:14:16: MongoDB: Connecting...
2025-02-08T12:14:16: MongoDB: Connected successfully
2025-02-08T12:14:16: Server running on port 8000
2025-02-08T12:14:16: Database connected
2025-02-08T12:22:51: Auth check - User data: {
2025-02-08T12:22:51:   id: new ObjectId('651c6e8ce2edc539babd18a4'),
2025-02-08T12:22:51:   role: 'Admin',
2025-02-08T12:22:51:   email: 'moropass1212@gmail.com'
2025-02-08T12:22:51: }
2025-02-08T12:22:51: Is admin? true
2025-02-08T12:22:51: Fetching pending products for admin: moropass1212@gmail.com
2025-02-08T12:23:11: Auth check - User data: {
2025-02-08T12:23:11:   id: new ObjectId('651c6e8ce2edc539babd18a4'),
2025-02-08T12:23:11:   role: 'Admin',
2025-02-08T12:23:11:   email: 'moropass1212@gmail.com'
2025-02-08T12:23:11: }
2025-02-08T12:23:11: Is admin? true
2025-02-08T13:48:11: Attempting database connection... { attempt: 1, maxRetries: 5 }
2025-02-08T13:48:11: MongoDB: Connecting...
2025-02-08T13:48:12: MongoDB: Connected successfully
2025-02-08T13:48:12: Server running on port 8000
2025-02-08T13:48:12: Database connected
2025-02-08T14:02:04: Auth check - User data: {
2025-02-08T14:02:04:   id: new ObjectId('651c6e8ce2edc539babd18a4'),
2025-02-08T14:02:04:   role: 'Admin',
2025-02-08T14:02:04:   email: 'moropass1212@gmail.com'
2025-02-08T14:02:04: }
2025-02-08T14:02:04: Is admin? true
2025-02-08T14:02:04: Fetching pending products for admin: moropass1212@gmail.com
2025-02-08T14:02:18: Auth check - User data: {
2025-02-08T14:02:18:   id: new ObjectId('651c6e8ce2edc539babd18a4'),
2025-02-08T14:02:18:   role: 'Admin',
2025-02-08T14:02:18:   email: 'moropass1212@gmail.com'
2025-02-08T14:02:18: }
2025-02-08T14:02:18: Is admin? true
2025-02-08T14:25:40: Auth check - User data: {
2025-02-08T14:25:40:   id: new ObjectId('651c6e8ce2edc539babd18a4'),
2025-02-08T14:25:40:   role: 'Admin',
2025-02-08T14:25:40:   email: 'moropass1212@gmail.com'
2025-02-08T14:25:40: }
2025-02-08T14:25:40: Is admin? true
2025-02-08T14:25:40: Fetching pending products for admin: moropass1212@gmail.com
2025-02-08T14:25:58: Auth check - User data: {
2025-02-08T14:25:58:   id: new ObjectId('651c6e8ce2edc539babd18a4'),
2025-02-08T14:25:58:   role: 'Admin',
2025-02-08T14:25:58:   email: 'moropass1212@gmail.com'
2025-02-08T14:25:58: }
2025-02-08T14:25:58: Is admin? true
2025-02-08T14:45:26: Attempting database connection... { attempt: 1, maxRetries: 5 }
2025-02-08T14:45:26: MongoDB: Connecting...
2025-02-08T14:45:27: MongoDB: Connected successfully
2025-02-08T14:45:27: Server running on port 8000
2025-02-08T14:45:27: Database connected
2025-02-08T16:02:54: MongoDB: Disconnected
2025-02-08T16:02:59: Attempting database connection... { attempt: 2, maxRetries: 5 }
2025-02-08T16:02:59: MongoDB: Connecting...
2025-02-08T16:02:59: MongoDB: Connecting...
2025-02-08T16:03:00: MongoDB: Connected successfully
2025-02-08T16:03:00: MongoDB: Connected successfully
2025-02-09T04:17:47: MongoDB: Disconnected
2025-02-09T04:17:47: MongoDB: Disconnected
2025-02-09T04:17:52: Attempting database connection... { attempt: 2, maxRetries: 5 }
2025-02-09T04:17:52: MongoDB: Connecting...
2025-02-09T04:17:52: MongoDB: Connecting...
2025-02-09T04:17:52: MongoDB: Connecting...
2025-02-09T04:17:52: Attempting database connection... { attempt: 3, maxRetries: 5 }
2025-02-09T04:17:53: MongoDB: Connected successfully
2025-02-09T04:17:53: MongoDB: Connected successfully
2025-02-09T04:17:53: MongoDB: Connected successfully
2025-02-09T04:17:53: MongoDB: Connected successfully
2025-02-09T14:40:35: MongoDB: Disconnected
2025-02-09T14:40:35: MongoDB: Disconnected
2025-02-09T14:40:35: MongoDB: Disconnected
2025-02-09T14:40:35: MongoDB: Disconnected
2025-02-09T14:40:35: MongoDB: Connected successfully
2025-02-09T14:40:35: MongoDB: Connected successfully
2025-02-09T14:40:35: MongoDB: Connected successfully
2025-02-09T14:40:35: MongoDB: Connected successfully
2025-02-09T14:40:40: Attempting database connection... { attempt: 2, maxRetries: 5 }
2025-02-09T14:40:40: Attempting database connection... { attempt: 3, maxRetries: 5 }
2025-02-09T14:40:40: Attempting database connection... { attempt: 3, maxRetries: 5 }
2025-02-09T14:40:40: Attempting database connection... { attempt: 4, maxRetries: 5 }
=======
2024-11-11T16:40:18: Server running on port 8000
2024-11-11T16:40:18: Database connected
2024-11-11T16:40:19: mongod connected with server: ac-u6kfsya-shard-00-00.iv8sqpb.mongodb.net
2024-11-11T16:40:27: Server running on port 8000
2024-11-11T16:40:27: Database connected
2024-11-11T16:40:27: mongod connected with server: ac-u6kfsya-shard-00-00.iv8sqpb.mongodb.net
2024-11-11T16:40:33: Server running on port 8000
2024-11-11T16:40:33: Database connected
2024-11-11T16:40:34: mongod connected with server: ac-u6kfsya-shard-00-00.iv8sqpb.mongodb.net
2024-11-11T16:45:55: Server running on port 8000
2024-11-11T16:45:55: Database connected
2024-11-11T16:45:55: mongod connected with server: ac-u6kfsya-shard-00-02.iv8sqpb.mongodb.net
2024-11-11T16:51:33: Server running on port 8000
2024-11-11T16:51:33: Database connected
2024-11-11T16:51:34: mongod connected with server: ac-u6kfsya-shard-00-01.iv8sqpb.mongodb.net
2024-11-12T18:48:51: Server running on port 8000
2024-11-12T18:48:51: Database connected
2024-11-12T18:48:52: mongod connected with server: ac-u6kfsya-shard-00-01.iv8sqpb.mongodb.net
>>>>>>> refs/remotes/origin/main
